01-11-2021 14:46:04.327 [main] [shop-service, ] INFO  c.d.a.c.ShopServiceApplicationTests.logStarting - Starting ShopServiceApplicationTests using Java 1.8.0_241 on DTRANW10 with PID 12972 (started by dtran in C:\Users\dtran\workspace\101digital\shop-service)
01-11-2021 14:46:04.330 [main] [shop-service, ] INFO  c.d.a.c.ShopServiceApplicationTests.logStartupProfileInfo - No active profile set, falling back to default profiles: default
01-11-2021 14:46:05.938 [main] [shop-service, ] INFO  o.s.d.r.c.RepositoryConfigurationDelegate.registerRepositoriesIn - Bootstrapping Spring Data JPA repositories in DEFAULT mode.
01-11-2021 14:46:06.223 [main] [shop-service, ] INFO  o.s.d.r.c.RepositoryConfigurationDelegate.registerRepositoriesIn - Finished Spring Data repository scanning in 267 ms. Found 4 JPA repository interfaces.
01-11-2021 14:46:06.665 [main] [shop-service, ] INFO  o.s.cloud.context.scope.GenericScope.setSerializationId - BeanFactory id=3938e36b-7299-37e4-8fb7-db24a5a46112
01-11-2021 14:46:07.416 [main] [shop-service, ] INFO  o.h.jpa.internal.util.LogHelper.logPersistenceUnitInformation - HHH000204: Processing PersistenceUnitInfo [name: default]
01-11-2021 14:46:07.499 [main] [shop-service, ] INFO  org.hibernate.Version.logVersion - HHH000412: Hibernate ORM core version 5.4.27.Final
01-11-2021 14:46:07.708 [main] [shop-service, ] INFO  o.h.annotations.common.Version.<clinit> - HCANN000001: Hibernate Commons Annotations {5.1.2.Final}
01-11-2021 14:46:09.567 [main] [shop-service, ] INFO  com.zaxxer.hikari.HikariDataSource.getConnection - HikariPool-1 - Starting...
01-11-2021 14:46:09.869 [main] [shop-service, ] INFO  com.zaxxer.hikari.HikariDataSource.getConnection - HikariPool-1 - Start completed.
01-11-2021 14:46:09.918 [main] [shop-service, ] INFO  org.hibernate.dialect.Dialect.<init> - HHH000400: Using dialect: org.hibernate.dialect.PostgreSQL9Dialect
01-11-2021 14:46:11.442 [main] [shop-service, ] INFO  o.h.e.t.j.p.i.JtaPlatformInitiator.initiateService - HHH000490: Using JtaPlatform implementation: [org.hibernate.engine.transaction.jta.platform.internal.NoJtaPlatform]
01-11-2021 14:46:11.453 [main] [shop-service, ] INFO  o.s.o.j.LocalContainerEntityManagerFactoryBean.buildNativeEntityManagerFactory - Initialized JPA EntityManagerFactory for persistence unit 'default'
01-11-2021 14:46:13.300 [main] [shop-service, ] WARN  o.s.b.a.o.j.JpaBaseConfiguration$JpaWebConfiguration.openEntityManagerInViewInterceptor - spring.jpa.open-in-view is enabled by default. Therefore, database queries may be performed during view rendering. Explicitly configure spring.jpa.open-in-view to disable this warning
01-11-2021 14:46:14.424 [main] [shop-service, ] INFO  o.s.s.c.ThreadPoolTaskExecutor.initialize - Initializing ExecutorService 'applicationTaskExecutor'
01-11-2021 14:46:18.126 [main] [shop-service, ] INFO  o.s.c.n.e.c.DiscoveryClientOptionalArgsConfiguration.restTemplateDiscoveryClientOptionalArgs - Eureka HTTP Client uses RestTemplate.
01-11-2021 14:46:21.089 [main] [shop-service, ] WARN  o.s.c.l.c.LoadBalancerCacheAutoConfiguration$LoadBalancerCaffeineWarnLogger.logWarning - Spring Cloud LoadBalancer is currently working with the default cache. You can switch to using Caffeine cache, by adding it and org.springframework.cache.caffeine.CaffeineCacheManager to the classpath.
01-11-2021 14:46:21.124 [main] [shop-service, ] INFO  o.s.c.n.eureka.InstanceInfoFactory.create - Setting initial instance status as: STARTING
01-11-2021 14:46:21.253 [main] [shop-service, ] INFO  c.netflix.discovery.DiscoveryClient.<init> - Initializing Eureka in region us-east-1
01-11-2021 14:46:21.263 [main] [shop-service, ] INFO  c.n.d.s.r.aws.ConfigClusterResolver.getClusterEndpoints - Resolving eureka endpoints via configuration
01-11-2021 14:46:21.311 [main] [shop-service, ] INFO  c.netflix.discovery.DiscoveryClient.fetchRegistry - Disable delta property : false
01-11-2021 14:46:21.312 [main] [shop-service, ] INFO  c.netflix.discovery.DiscoveryClient.fetchRegistry - Single vip registry refresh property : null
01-11-2021 14:46:21.313 [main] [shop-service, ] INFO  c.netflix.discovery.DiscoveryClient.fetchRegistry - Force full registry fetch : false
01-11-2021 14:46:21.314 [main] [shop-service, ] INFO  c.netflix.discovery.DiscoveryClient.fetchRegistry - Application is null : false
01-11-2021 14:46:21.317 [main] [shop-service, ] INFO  c.netflix.discovery.DiscoveryClient.fetchRegistry - Registered Applications size is zero : true
01-11-2021 14:46:21.318 [main] [shop-service, ] INFO  c.netflix.discovery.DiscoveryClient.fetchRegistry - Application version is -1: true
01-11-2021 14:46:21.322 [main] [shop-service, ] INFO  c.netflix.discovery.DiscoveryClient.getAndStoreFullRegistry - Getting all instance registry info from the eureka server
01-11-2021 14:46:24.473 [main] [shop-service, ] INFO  c.netflix.discovery.DiscoveryClient.getAndStoreFullRegistry - The response status is 200
01-11-2021 14:46:24.485 [main] [shop-service, ] INFO  c.netflix.discovery.DiscoveryClient.initScheduledTasks - Starting heartbeat executor: renew interval is: 30
01-11-2021 14:46:24.504 [main] [shop-service, ] INFO  c.n.discovery.InstanceInfoReplicator.<init> - InstanceInfoReplicator onDemand update allowed rate per min is 4
01-11-2021 14:46:24.519 [main] [shop-service, ] INFO  c.netflix.discovery.DiscoveryClient.<init> - Discovery Client initialized at timestamp 1635752784515 with initial instances count: 6
01-11-2021 14:46:24.558 [main] [shop-service, ] INFO  o.s.c.n.e.s.EurekaServiceRegistry.register - Registering application SHOP-SERVICE with eureka with status UP
01-11-2021 14:46:24.560 [main] [shop-service, ] INFO  c.netflix.discovery.DiscoveryClient.notify - Saw local status change event StatusChangeEvent [timestamp=1635752784560, current=UP, previous=STARTING]
01-11-2021 14:46:24.569 [DiscoveryClient-InstanceInfoReplicator-0] [shop-service, ] INFO  c.netflix.discovery.DiscoveryClient.register - DiscoveryClient_SHOP-SERVICE/DTRANW10.mshome.net:shop-service:8080: registering service...
01-11-2021 14:46:24.595 [main] [shop-service, ] INFO  c.d.a.c.ShopServiceApplicationTests.logStarted - Started ShopServiceApplicationTests in 23.161 seconds (JVM running for 24.413)
01-11-2021 14:46:24.728 [DiscoveryClient-InstanceInfoReplicator-0] [shop-service, ] INFO  c.netflix.discovery.DiscoveryClient.register - DiscoveryClient_SHOP-SERVICE/DTRANW10.mshome.net:shop-service:8080 - registration status: 204
01-11-2021 14:46:24.953 [SpringContextShutdownHook] [shop-service, ] INFO  o.s.c.n.e.s.EurekaServiceRegistry.deregister - Unregistering application SHOP-SERVICE with eureka with status DOWN
01-11-2021 14:46:24.954 [SpringContextShutdownHook] [shop-service, ] INFO  c.netflix.discovery.DiscoveryClient.notify - Saw local status change event StatusChangeEvent [timestamp=1635752784954, current=DOWN, previous=UP]
01-11-2021 14:46:24.955 [DiscoveryClient-InstanceInfoReplicator-0] [shop-service, ] INFO  c.netflix.discovery.DiscoveryClient.register - DiscoveryClient_SHOP-SERVICE/DTRANW10.mshome.net:shop-service:8080: registering service...
01-11-2021 14:46:24.960 [SpringContextShutdownHook] [shop-service, ] INFO  o.s.s.c.ThreadPoolTaskExecutor.shutdown - Shutting down ExecutorService 'applicationTaskExecutor'
01-11-2021 14:46:24.971 [SpringContextShutdownHook] [shop-service, ] INFO  o.s.o.j.LocalContainerEntityManagerFactoryBean.destroy - Closing JPA EntityManagerFactory for persistence unit 'default'
01-11-2021 14:46:24.987 [SpringContextShutdownHook] [shop-service, ] INFO  com.zaxxer.hikari.HikariDataSource.close - HikariPool-1 - Shutdown initiated...
01-11-2021 14:46:24.995 [DiscoveryClient-InstanceInfoReplicator-0] [shop-service, ] INFO  c.netflix.discovery.DiscoveryClient.register - DiscoveryClient_SHOP-SERVICE/DTRANW10.mshome.net:shop-service:8080 - registration status: 204
01-11-2021 14:46:25.006 [SpringContextShutdownHook] [shop-service, ] INFO  com.zaxxer.hikari.HikariDataSource.close - HikariPool-1 - Shutdown completed.
01-11-2021 14:46:25.008 [SpringContextShutdownHook] [shop-service, ] INFO  c.netflix.discovery.DiscoveryClient.shutdown - Shutting down DiscoveryClient ...
01-11-2021 14:46:28.011 [SpringContextShutdownHook] [shop-service, ] INFO  c.netflix.discovery.DiscoveryClient.unregister - Unregistering ...
01-11-2021 14:46:28.021 [SpringContextShutdownHook] [shop-service, ] INFO  c.netflix.discovery.DiscoveryClient.unregister - DiscoveryClient_SHOP-SERVICE/DTRANW10.mshome.net:shop-service:8080 - deregister  status: 200
01-11-2021 14:46:28.029 [SpringContextShutdownHook] [shop-service, ] INFO  c.netflix.discovery.DiscoveryClient.shutdown - Completed shut down of DiscoveryClient
