27-10-2021 11:09:47.723 [main] [shop-service, ] INFO  c.d.a.s.ShopServiceApplication.logStarting - Starting ShopServiceApplication using Java 11.0.11 on DTRANW10 with PID 17584 (C:\Users\dtran\workspace\101digital\shop-service\target\classes started by dtran in C:\Users\dtran\workspace\101digital\discovery-service)
27-10-2021 11:09:47.733 [main] [shop-service, ] INFO  c.d.a.s.ShopServiceApplication.logStartupProfileInfo - No active profile set, falling back to default profiles: default
27-10-2021 11:09:48.490 [main] [shop-service, ] INFO  o.s.d.r.c.RepositoryConfigurationDelegate.registerRepositoriesIn - Bootstrapping Spring Data JPA repositories in DEFAULT mode.
27-10-2021 11:09:48.579 [main] [shop-service, ] INFO  o.s.d.r.c.RepositoryConfigurationDelegate.registerRepositoriesIn - Finished Spring Data repository scanning in 80 ms. Found 2 JPA repository interfaces.
27-10-2021 11:09:48.824 [main] [shop-service, ] INFO  o.s.cloud.context.scope.GenericScope.setSerializationId - BeanFactory id=a85736cb-34c1-3369-b333-4747b71f4e1e
27-10-2021 11:09:49.098 [main] [shop-service, ] INFO  o.s.b.w.e.tomcat.TomcatWebServer.initialize - Tomcat initialized with port(s): 8080 (http)
27-10-2021 11:09:49.104 [main] [shop-service, ] INFO  o.a.coyote.http11.Http11NioProtocol.log - Initializing ProtocolHandler ["http-nio-8080"]
27-10-2021 11:09:49.104 [main] [shop-service, ] INFO  o.a.catalina.core.StandardService.log - Starting service [Tomcat]
27-10-2021 11:09:49.105 [main] [shop-service, ] INFO  o.a.catalina.core.StandardEngine.log - Starting Servlet engine: [Apache Tomcat/9.0.41]
27-10-2021 11:09:49.276 [main] [shop-service, ] INFO  o.a.c.c.C.[Tomcat].[localhost].[/].log - Initializing Spring embedded WebApplicationContext
27-10-2021 11:09:49.277 [main] [shop-service, ] INFO  o.s.b.w.s.c.ServletWebServerApplicationContext.prepareWebApplicationContext - Root WebApplicationContext: initialization completed in 1515 ms
27-10-2021 11:09:49.322 [main] [shop-service, ] INFO  n.r.s.b.l.a.LogbackAccessContext.configureWithCauseThrowing - Configured the Logback-access: context=[default], config=[classpath:logback-access-spring.xml]
27-10-2021 11:09:49.391 [main] [shop-service, ] INFO  com.zaxxer.hikari.HikariDataSource.getConnection - HikariPool-1 - Starting...
27-10-2021 11:09:49.505 [main] [shop-service, ] INFO  com.zaxxer.hikari.HikariDataSource.getConnection - HikariPool-1 - Start completed.
27-10-2021 11:09:53.736 [main] [shop-service, ] INFO  l.lockservice.StandardLockService.info - Successfully acquired change log lock
27-10-2021 11:09:53.997 [main] [shop-service, ] INFO  l.c.StandardChangeLogHistoryService.info - Reading from public.databasechangelog
27-10-2021 11:09:54.002 [main] [shop-service, ] INFO  l.lockservice.StandardLockService.info - Successfully released change log lock
27-10-2021 11:09:54.004 [main] [shop-service, ] INFO  com.zaxxer.hikari.HikariDataSource.close - HikariPool-1 - Shutdown initiated...
27-10-2021 11:09:54.011 [main] [shop-service, ] INFO  com.zaxxer.hikari.HikariDataSource.close - HikariPool-1 - Shutdown completed.
27-10-2021 11:09:54.099 [main] [shop-service, ] INFO  o.h.jpa.internal.util.LogHelper.logPersistenceUnitInformation - HHH000204: Processing PersistenceUnitInfo [name: default]
27-10-2021 11:09:54.159 [main] [shop-service, ] INFO  org.hibernate.Version.logVersion - HHH000412: Hibernate ORM core version 5.4.27.Final
27-10-2021 11:09:54.325 [main] [shop-service, ] INFO  o.h.annotations.common.Version.<clinit> - HCANN000001: Hibernate Commons Annotations {5.1.2.Final}
27-10-2021 11:09:54.435 [main] [shop-service, ] INFO  com.zaxxer.hikari.HikariDataSource.getConnection - HikariPool-2 - Starting...
27-10-2021 11:09:54.443 [main] [shop-service, ] INFO  com.zaxxer.hikari.HikariDataSource.getConnection - HikariPool-2 - Start completed.
27-10-2021 11:09:54.452 [main] [shop-service, ] INFO  org.hibernate.dialect.Dialect.<init> - HHH000400: Using dialect: org.hibernate.dialect.PostgreSQL9Dialect
27-10-2021 11:09:55.210 [main] [shop-service, ] INFO  o.h.e.t.j.p.i.JtaPlatformInitiator.initiateService - HHH000490: Using JtaPlatform implementation: [org.hibernate.engine.transaction.jta.platform.internal.NoJtaPlatform]
27-10-2021 11:09:55.218 [main] [shop-service, ] INFO  o.s.o.j.LocalContainerEntityManagerFactoryBean.buildNativeEntityManagerFactory - Initialized JPA EntityManagerFactory for persistence unit 'default'
27-10-2021 11:09:55.292 [main] [shop-service, ] WARN  o.s.b.a.o.j.JpaBaseConfiguration$JpaWebConfiguration.openEntityManagerInViewInterceptor - spring.jpa.open-in-view is enabled by default. Therefore, database queries may be performed during view rendering. Explicitly configure spring.jpa.open-in-view to disable this warning
27-10-2021 11:09:56.487 [main] [shop-service, ] INFO  o.s.b.a.s.s.UserDetailsServiceAutoConfiguration.getOrDeducePassword - 

Using generated security password: beadb09f-a66b-496e-befa-29c1f4bb0e64

27-10-2021 11:09:56.558 [main] [shop-service, ] INFO  o.s.s.web.DefaultSecurityFilterChain.<init> - Will secure any request with [org.springframework.security.web.context.request.async.WebAsyncManagerIntegrationFilter@10dba2e3, org.springframework.security.web.context.SecurityContextPersistenceFilter@66a2bc61, org.springframework.security.web.header.HeaderWriterFilter@6ca404b, org.springframework.web.filter.CorsFilter@550b19d1, org.springframework.security.web.authentication.logout.LogoutFilter@6f54a7be, org.springframework.security.web.savedrequest.RequestCacheAwareFilter@2fcd0756, org.springframework.security.web.servletapi.SecurityContextHolderAwareRequestFilter@1b404a21, org.springframework.security.web.authentication.AnonymousAuthenticationFilter@24a5df6a, org.springframework.security.web.session.SessionManagementFilter@591ae3dd, org.springframework.security.web.access.ExceptionTranslationFilter@27153ba2, org.springframework.security.web.access.intercept.FilterSecurityInterceptor@76b96594]
27-10-2021 11:09:56.657 [main] [shop-service, ] INFO  o.s.s.c.ThreadPoolTaskExecutor.initialize - Initializing ExecutorService 'applicationTaskExecutor'
27-10-2021 11:10:01.481 [main] [shop-service, ] INFO  com.yahoo.elide.Elide.registerCustomSerde - Registering serde for type : class java.time.OffsetDateTime
27-10-2021 11:10:01.504 [main] [shop-service, ] INFO  com.yahoo.elide.Elide.registerCustomSerde - Registering serde for type : class java.sql.Timestamp
27-10-2021 11:10:01.505 [main] [shop-service, ] INFO  com.yahoo.elide.Elide.registerCustomSerde - Registering serde for type : class java.sql.Date
27-10-2021 11:10:01.505 [main] [shop-service, ] INFO  com.yahoo.elide.Elide.registerCustomSerde - Registering serde for type : class java.net.URL
27-10-2021 11:10:01.505 [main] [shop-service, ] INFO  com.yahoo.elide.Elide.registerCustomSerde - Registering serde for type : class java.util.Date
27-10-2021 11:10:01.505 [main] [shop-service, ] INFO  com.yahoo.elide.Elide.registerCustomSerde - Registering serde for type : class java.sql.Time
27-10-2021 11:10:01.505 [main] [shop-service, ] INFO  com.yahoo.elide.Elide.registerCustomSerde - Registering serde for type : class java.time.Instant
27-10-2021 11:10:01.505 [main] [shop-service, ] INFO  com.yahoo.elide.Elide.registerCustomSerde - Registering serde for type : class java.util.TimeZone
27-10-2021 11:10:01.507 [main] [shop-service, ] INFO  com.yahoo.elide.Elide.registerCustomSerde - Registering serde for type : class com.yahoo.elide.datastores.aggregation.timegrains.Hour
27-10-2021 11:10:01.508 [main] [shop-service, ] INFO  com.yahoo.elide.Elide.registerCustomSerde - Registering serde for type : class com.yahoo.elide.datastores.aggregation.timegrains.Time
27-10-2021 11:10:01.509 [main] [shop-service, ] INFO  com.yahoo.elide.Elide.registerCustomSerde - Registering serde for type : class com.yahoo.elide.datastores.aggregation.timegrains.Week
27-10-2021 11:10:01.510 [main] [shop-service, ] INFO  com.yahoo.elide.Elide.registerCustomSerde - Registering serde for type : class com.yahoo.elide.datastores.aggregation.timegrains.Month
27-10-2021 11:10:01.511 [main] [shop-service, ] INFO  com.yahoo.elide.Elide.registerCustomSerde - Registering serde for type : class com.yahoo.elide.datastores.aggregation.timegrains.Year
27-10-2021 11:10:01.512 [main] [shop-service, ] INFO  com.yahoo.elide.Elide.registerCustomSerde - Registering serde for type : class com.yahoo.elide.datastores.aggregation.timegrains.Minute
27-10-2021 11:10:01.512 [main] [shop-service, ] INFO  com.yahoo.elide.Elide.registerCustomSerde - Registering serde for type : class com.yahoo.elide.datastores.aggregation.timegrains.Quarter
27-10-2021 11:10:01.514 [main] [shop-service, ] INFO  com.yahoo.elide.Elide.registerCustomSerde - Registering serde for type : class com.yahoo.elide.datastores.aggregation.timegrains.Day
27-10-2021 11:10:01.514 [main] [shop-service, ] INFO  com.yahoo.elide.Elide.registerCustomSerde - Registering serde for type : class com.yahoo.elide.datastores.aggregation.timegrains.ISOWeek
27-10-2021 11:10:01.515 [main] [shop-service, ] INFO  com.yahoo.elide.Elide.registerCustomSerde - Registering serde for type : class com.yahoo.elide.datastores.aggregation.timegrains.Second
27-10-2021 11:10:01.936 [main] [shop-service, ] INFO  o.s.c.n.e.c.DiscoveryClientOptionalArgsConfiguration.restTemplateDiscoveryClientOptionalArgs - Eureka HTTP Client uses RestTemplate.
27-10-2021 11:10:03.098 [main] [shop-service, ] INFO  o.s.c.n.eureka.InstanceInfoFactory.create - Setting initial instance status as: STARTING
27-10-2021 11:10:03.116 [main] [shop-service, ] INFO  c.netflix.discovery.DiscoveryClient.<init> - Initializing Eureka in region us-east-1
27-10-2021 11:10:03.119 [main] [shop-service, ] INFO  c.n.d.s.r.aws.ConfigClusterResolver.getClusterEndpoints - Resolving eureka endpoints via configuration
27-10-2021 11:10:03.135 [main] [shop-service, ] INFO  c.netflix.discovery.DiscoveryClient.fetchRegistry - Disable delta property : false
27-10-2021 11:10:03.136 [main] [shop-service, ] INFO  c.netflix.discovery.DiscoveryClient.fetchRegistry - Single vip registry refresh property : null
27-10-2021 11:10:03.136 [main] [shop-service, ] INFO  c.netflix.discovery.DiscoveryClient.fetchRegistry - Force full registry fetch : false
27-10-2021 11:10:03.136 [main] [shop-service, ] INFO  c.netflix.discovery.DiscoveryClient.fetchRegistry - Application is null : false
27-10-2021 11:10:03.136 [main] [shop-service, ] INFO  c.netflix.discovery.DiscoveryClient.fetchRegistry - Registered Applications size is zero : true
27-10-2021 11:10:03.136 [main] [shop-service, ] INFO  c.netflix.discovery.DiscoveryClient.fetchRegistry - Application version is -1: true
27-10-2021 11:10:03.137 [main] [shop-service, ] INFO  c.netflix.discovery.DiscoveryClient.getAndStoreFullRegistry - Getting all instance registry info from the eureka server
27-10-2021 11:10:03.432 [main] [shop-service, ] INFO  c.netflix.discovery.DiscoveryClient.getAndStoreFullRegistry - The response status is 200
27-10-2021 11:10:03.434 [main] [shop-service, ] INFO  c.netflix.discovery.DiscoveryClient.initScheduledTasks - Starting heartbeat executor: renew interval is: 30
27-10-2021 11:10:03.436 [main] [shop-service, ] INFO  c.n.discovery.InstanceInfoReplicator.<init> - InstanceInfoReplicator onDemand update allowed rate per min is 4
27-10-2021 11:10:03.439 [main] [shop-service, ] INFO  c.netflix.discovery.DiscoveryClient.<init> - Discovery Client initialized at timestamp 1635307803439 with initial instances count: 0
27-10-2021 11:10:03.442 [main] [shop-service, ] INFO  o.s.c.n.e.s.EurekaServiceRegistry.register - Registering application SHOP-SERVICE with eureka with status UP
27-10-2021 11:10:03.442 [main] [shop-service, ] INFO  c.netflix.discovery.DiscoveryClient.notify - Saw local status change event StatusChangeEvent [timestamp=1635307803442, current=UP, previous=STARTING]
27-10-2021 11:10:03.444 [main] [shop-service, ] INFO  o.a.coyote.http11.Http11NioProtocol.log - Starting ProtocolHandler ["http-nio-8080"]
27-10-2021 11:10:03.444 [DiscoveryClient-InstanceInfoReplicator-0] [shop-service, ] INFO  c.netflix.discovery.DiscoveryClient.register - DiscoveryClient_SHOP-SERVICE/DTRANW10.mshome.net:shop-service:8080: registering service...
27-10-2021 11:10:03.466 [main] [shop-service, ] INFO  o.s.b.w.e.tomcat.TomcatWebServer.start - Tomcat started on port(s): 8080 (http) with context path ''
27-10-2021 11:10:03.467 [main] [shop-service, ] INFO  o.s.c.n.e.s.EurekaAutoServiceRegistration.onApplicationEvent - Updating port to 8080
27-10-2021 11:10:03.514 [DiscoveryClient-InstanceInfoReplicator-0] [shop-service, ] INFO  c.netflix.discovery.DiscoveryClient.register - DiscoveryClient_SHOP-SERVICE/DTRANW10.mshome.net:shop-service:8080 - registration status: 204
27-10-2021 11:10:04.518 [main] [shop-service, ] INFO  c.d.a.s.ShopServiceApplication.logStarted - Started ShopServiceApplication in 18.796 seconds (JVM running for 21.034)
27-10-2021 11:10:33.711 [DiscoveryClient-CacheRefreshExecutor-0] [shop-service, ] INFO  c.netflix.discovery.DiscoveryClient.fetchRegistry - Disable delta property : false
27-10-2021 11:10:33.711 [DiscoveryClient-CacheRefreshExecutor-0] [shop-service, ] INFO  c.netflix.discovery.DiscoveryClient.fetchRegistry - Single vip registry refresh property : null
27-10-2021 11:10:33.711 [DiscoveryClient-CacheRefreshExecutor-0] [shop-service, ] INFO  c.netflix.discovery.DiscoveryClient.fetchRegistry - Force full registry fetch : false
27-10-2021 11:10:33.711 [DiscoveryClient-CacheRefreshExecutor-0] [shop-service, ] INFO  c.netflix.discovery.DiscoveryClient.fetchRegistry - Application is null : false
27-10-2021 11:10:33.711 [DiscoveryClient-CacheRefreshExecutor-0] [shop-service, ] INFO  c.netflix.discovery.DiscoveryClient.fetchRegistry - Registered Applications size is zero : true
27-10-2021 11:10:33.711 [DiscoveryClient-CacheRefreshExecutor-0] [shop-service, ] INFO  c.netflix.discovery.DiscoveryClient.fetchRegistry - Application version is -1: false
27-10-2021 11:10:33.711 [DiscoveryClient-CacheRefreshExecutor-0] [shop-service, ] INFO  c.netflix.discovery.DiscoveryClient.getAndStoreFullRegistry - Getting all instance registry info from the eureka server
27-10-2021 11:10:33.773 [DiscoveryClient-CacheRefreshExecutor-0] [shop-service, ] INFO  c.netflix.discovery.DiscoveryClient.getAndStoreFullRegistry - The response status is 200
27-10-2021 11:13:37.957 [http-nio-8080-exec-1] [shop-service, ] INFO  o.a.c.c.C.[Tomcat].[localhost].[/].log - Initializing Spring DispatcherServlet 'dispatcherServlet'
27-10-2021 11:13:37.957 [http-nio-8080-exec-1] [shop-service, ] INFO  o.s.web.servlet.DispatcherServlet.initServletBean - Initializing Servlet 'dispatcherServlet'
27-10-2021 11:13:37.958 [http-nio-8080-exec-1] [shop-service, ] INFO  o.s.web.servlet.DispatcherServlet.initServletBean - Completed initialization in 1 ms
27-10-2021 11:13:38.226 [task-1] [shop-service, ] DEBUG org.hibernate.SQL.logStatement - select shop0_.id as id1_2_, shop0_.contact as contact2_2_, shop0_.location as location3_2_, shop0_.max_queue_size as max_queu4_2_, shop0_.name as name5_2_, shop0_.queue_size as queue_si6_2_ from shop shop0_ limit ?
27-10-2021 11:13:38.264 [task-1] [shop-service, ] DEBUG c.y.elide.core.utils.TimedFunction.get - Query Hash: 2133310182	Time spent: 46
27-10-2021 11:13:38.300 [task-1] [shop-service, ] DEBUG org.hibernate.SQL.logStatement - select products0_.shops_id as shops_id1_3_0_, products0_.products_id as products2_3_0_, product1_.id as id1_0_1_, product1_.name as name2_0_1_, product1_.price as price3_0_1_ from shop_products products0_ inner join product product1_ on products0_.products_id=product1_.id where products0_.shops_id=?
27-10-2021 11:13:38.302 [task-1] [shop-service, ] TRACE o.h.type.descriptor.sql.BasicBinder.bind - binding parameter [1] as [BIGINT] - [1]
27-10-2021 11:13:38.316 [task-1] [shop-service, ] DEBUG org.hibernate.SQL.logStatement - select products0_.shops_id as shops_id1_3_0_, products0_.products_id as products2_3_0_, product1_.id as id1_0_1_, product1_.name as name2_0_1_, product1_.price as price3_0_1_ from shop_products products0_ inner join product product1_ on products0_.products_id=product1_.id where products0_.shops_id=?
27-10-2021 11:13:38.317 [task-1] [shop-service, ] TRACE o.h.type.descriptor.sql.BasicBinder.bind - binding parameter [1] as [BIGINT] - [2]
27-10-2021 11:13:38.318 [task-1] [shop-service, ] DEBUG org.hibernate.SQL.logStatement - select products0_.shops_id as shops_id1_3_0_, products0_.products_id as products2_3_0_, product1_.id as id1_0_1_, product1_.name as name2_0_1_, product1_.price as price3_0_1_ from shop_products products0_ inner join product product1_ on products0_.products_id=product1_.id where products0_.shops_id=?
27-10-2021 11:13:38.318 [task-1] [shop-service, ] TRACE o.h.type.descriptor.sql.BasicBinder.bind - binding parameter [1] as [BIGINT] - [3]
27-10-2021 11:13:38.319 [task-1] [shop-service, ] DEBUG org.hibernate.SQL.logStatement - select products0_.shops_id as shops_id1_3_0_, products0_.products_id as products2_3_0_, product1_.id as id1_0_1_, product1_.name as name2_0_1_, product1_.price as price3_0_1_ from shop_products products0_ inner join product product1_ on products0_.products_id=product1_.id where products0_.shops_id=?
27-10-2021 11:13:38.319 [task-1] [shop-service, ] TRACE o.h.type.descriptor.sql.BasicBinder.bind - binding parameter [1] as [BIGINT] - [4]
27-10-2021 11:13:38.323 [task-1] [shop-service, ] DEBUG org.hibernate.SQL.logStatement - select queues0_.shop_id as shop_id3_1_0_, queues0_.id as id1_1_0_, queues0_.id as id1_1_1_, queues0_.max_number as max_numb2_1_1_, queues0_.shop_id as shop_id3_1_1_ from queue queues0_ where queues0_.shop_id=?
27-10-2021 11:13:38.324 [task-1] [shop-service, ] TRACE o.h.type.descriptor.sql.BasicBinder.bind - binding parameter [1] as [BIGINT] - [1]
27-10-2021 11:13:38.327 [task-1] [shop-service, ] DEBUG org.hibernate.SQL.logStatement - select queues0_.shop_id as shop_id3_1_0_, queues0_.id as id1_1_0_, queues0_.id as id1_1_1_, queues0_.max_number as max_numb2_1_1_, queues0_.shop_id as shop_id3_1_1_ from queue queues0_ where queues0_.shop_id=?
27-10-2021 11:13:38.328 [task-1] [shop-service, ] TRACE o.h.type.descriptor.sql.BasicBinder.bind - binding parameter [1] as [BIGINT] - [4]
27-10-2021 11:13:38.329 [task-1] [shop-service, ] DEBUG org.hibernate.SQL.logStatement - select queues0_.shop_id as shop_id3_1_0_, queues0_.id as id1_1_0_, queues0_.id as id1_1_1_, queues0_.max_number as max_numb2_1_1_, queues0_.shop_id as shop_id3_1_1_ from queue queues0_ where queues0_.shop_id=?
27-10-2021 11:13:38.329 [task-1] [shop-service, ] TRACE o.h.type.descriptor.sql.BasicBinder.bind - binding parameter [1] as [BIGINT] - [3]
27-10-2021 11:13:38.330 [task-1] [shop-service, ] DEBUG org.hibernate.SQL.logStatement - select queues0_.shop_id as shop_id3_1_0_, queues0_.id as id1_1_0_, queues0_.id as id1_1_1_, queues0_.max_number as max_numb2_1_1_, queues0_.shop_id as shop_id3_1_1_ from queue queues0_ where queues0_.shop_id=?
27-10-2021 11:13:38.331 [task-1] [shop-service, ] TRACE o.h.type.descriptor.sql.BasicBinder.bind - binding parameter [1] as [BIGINT] - [2]
27-10-2021 11:13:38.335 [task-1] [shop-service, ] DEBUG org.hibernate.SQL.logStatement - select shops0_.products_id as products2_3_0_, shops0_.shops_id as shops_id1_3_0_, shop1_.id as id1_2_1_, shop1_.contact as contact2_2_1_, shop1_.location as location3_2_1_, shop1_.max_queue_size as max_queu4_2_1_, shop1_.name as name5_2_1_, shop1_.queue_size as queue_si6_2_1_ from shop_products shops0_ inner join shop shop1_ on shops0_.shops_id=shop1_.id where shops0_.products_id=?
27-10-2021 11:13:38.336 [task-1] [shop-service, ] TRACE o.h.type.descriptor.sql.BasicBinder.bind - binding parameter [1] as [BIGINT] - [1]
27-10-2021 11:13:38.340 [task-1] [shop-service, ] DEBUG org.hibernate.SQL.logStatement - select shops0_.products_id as products2_3_0_, shops0_.shops_id as shops_id1_3_0_, shop1_.id as id1_2_1_, shop1_.contact as contact2_2_1_, shop1_.location as location3_2_1_, shop1_.max_queue_size as max_queu4_2_1_, shop1_.name as name5_2_1_, shop1_.queue_size as queue_si6_2_1_ from shop_products shops0_ inner join shop shop1_ on shops0_.shops_id=shop1_.id where shops0_.products_id=?
27-10-2021 11:13:38.340 [task-1] [shop-service, ] TRACE o.h.type.descriptor.sql.BasicBinder.bind - binding parameter [1] as [BIGINT] - [2]
27-10-2021 11:15:03.139 [AsyncResolver-bootstrap-executor-0] [shop-service, ] INFO  c.n.d.s.r.aws.ConfigClusterResolver.getClusterEndpoints - Resolving eureka endpoints via configuration
27-10-2021 11:20:03.144 [AsyncResolver-bootstrap-executor-0] [shop-service, ] INFO  c.n.d.s.r.aws.ConfigClusterResolver.getClusterEndpoints - Resolving eureka endpoints via configuration
27-10-2021 11:25:03.145 [AsyncResolver-bootstrap-executor-0] [shop-service, ] INFO  c.n.d.s.r.aws.ConfigClusterResolver.getClusterEndpoints - Resolving eureka endpoints via configuration
27-10-2021 11:30:03.146 [AsyncResolver-bootstrap-executor-0] [shop-service, ] INFO  c.n.d.s.r.aws.ConfigClusterResolver.getClusterEndpoints - Resolving eureka endpoints via configuration
27-10-2021 11:30:26.566 [task-2] [shop-service, ] DEBUG org.hibernate.SQL.logStatement - select shop0_.id as id1_2_, shop0_.contact as contact2_2_, shop0_.location as location3_2_, shop0_.max_queue_size as max_queu4_2_, shop0_.name as name5_2_, shop0_.queue_size as queue_si6_2_ from shop shop0_ limit ?
27-10-2021 11:30:26.569 [task-2] [shop-service, ] DEBUG c.y.elide.core.utils.TimedFunction.get - Query Hash: 1910354947	Time spent: 3
27-10-2021 11:30:26.570 [task-2] [shop-service, ] DEBUG org.hibernate.SQL.logStatement - select products0_.shops_id as shops_id1_3_0_, products0_.products_id as products2_3_0_, product1_.id as id1_0_1_, product1_.name as name2_0_1_, product1_.price as price3_0_1_ from shop_products products0_ inner join product product1_ on products0_.products_id=product1_.id where products0_.shops_id=?
27-10-2021 11:30:26.570 [task-2] [shop-service, ] TRACE o.h.type.descriptor.sql.BasicBinder.bind - binding parameter [1] as [BIGINT] - [1]
27-10-2021 11:30:26.572 [task-2] [shop-service, ] DEBUG org.hibernate.SQL.logStatement - select products0_.shops_id as shops_id1_3_0_, products0_.products_id as products2_3_0_, product1_.id as id1_0_1_, product1_.name as name2_0_1_, product1_.price as price3_0_1_ from shop_products products0_ inner join product product1_ on products0_.products_id=product1_.id where products0_.shops_id=?
27-10-2021 11:30:26.572 [task-2] [shop-service, ] TRACE o.h.type.descriptor.sql.BasicBinder.bind - binding parameter [1] as [BIGINT] - [2]
27-10-2021 11:30:26.573 [task-2] [shop-service, ] DEBUG org.hibernate.SQL.logStatement - select products0_.shops_id as shops_id1_3_0_, products0_.products_id as products2_3_0_, product1_.id as id1_0_1_, product1_.name as name2_0_1_, product1_.price as price3_0_1_ from shop_products products0_ inner join product product1_ on products0_.products_id=product1_.id where products0_.shops_id=?
27-10-2021 11:30:26.574 [task-2] [shop-service, ] TRACE o.h.type.descriptor.sql.BasicBinder.bind - binding parameter [1] as [BIGINT] - [3]
27-10-2021 11:30:26.574 [task-2] [shop-service, ] DEBUG org.hibernate.SQL.logStatement - select products0_.shops_id as shops_id1_3_0_, products0_.products_id as products2_3_0_, product1_.id as id1_0_1_, product1_.name as name2_0_1_, product1_.price as price3_0_1_ from shop_products products0_ inner join product product1_ on products0_.products_id=product1_.id where products0_.shops_id=?
27-10-2021 11:30:26.575 [task-2] [shop-service, ] TRACE o.h.type.descriptor.sql.BasicBinder.bind - binding parameter [1] as [BIGINT] - [4]
27-10-2021 11:30:26.576 [task-2] [shop-service, ] DEBUG org.hibernate.SQL.logStatement - select queues0_.shop_id as shop_id3_1_0_, queues0_.id as id1_1_0_, queues0_.id as id1_1_1_, queues0_.max_number as max_numb2_1_1_, queues0_.shop_id as shop_id3_1_1_ from queue queues0_ where queues0_.shop_id=?
27-10-2021 11:30:26.576 [task-2] [shop-service, ] TRACE o.h.type.descriptor.sql.BasicBinder.bind - binding parameter [1] as [BIGINT] - [1]
27-10-2021 11:30:26.577 [task-2] [shop-service, ] DEBUG org.hibernate.SQL.logStatement - select queues0_.shop_id as shop_id3_1_0_, queues0_.id as id1_1_0_, queues0_.id as id1_1_1_, queues0_.max_number as max_numb2_1_1_, queues0_.shop_id as shop_id3_1_1_ from queue queues0_ where queues0_.shop_id=?
27-10-2021 11:30:26.577 [task-2] [shop-service, ] TRACE o.h.type.descriptor.sql.BasicBinder.bind - binding parameter [1] as [BIGINT] - [4]
27-10-2021 11:30:26.579 [task-2] [shop-service, ] DEBUG org.hibernate.SQL.logStatement - select queues0_.shop_id as shop_id3_1_0_, queues0_.id as id1_1_0_, queues0_.id as id1_1_1_, queues0_.max_number as max_numb2_1_1_, queues0_.shop_id as shop_id3_1_1_ from queue queues0_ where queues0_.shop_id=?
27-10-2021 11:30:26.579 [task-2] [shop-service, ] TRACE o.h.type.descriptor.sql.BasicBinder.bind - binding parameter [1] as [BIGINT] - [3]
27-10-2021 11:30:26.580 [task-2] [shop-service, ] DEBUG org.hibernate.SQL.logStatement - select queues0_.shop_id as shop_id3_1_0_, queues0_.id as id1_1_0_, queues0_.id as id1_1_1_, queues0_.max_number as max_numb2_1_1_, queues0_.shop_id as shop_id3_1_1_ from queue queues0_ where queues0_.shop_id=?
27-10-2021 11:30:26.580 [task-2] [shop-service, ] TRACE o.h.type.descriptor.sql.BasicBinder.bind - binding parameter [1] as [BIGINT] - [2]
27-10-2021 11:30:26.582 [task-2] [shop-service, ] DEBUG org.hibernate.SQL.logStatement - select shops0_.products_id as products2_3_0_, shops0_.shops_id as shops_id1_3_0_, shop1_.id as id1_2_1_, shop1_.contact as contact2_2_1_, shop1_.location as location3_2_1_, shop1_.max_queue_size as max_queu4_2_1_, shop1_.name as name5_2_1_, shop1_.queue_size as queue_si6_2_1_ from shop_products shops0_ inner join shop shop1_ on shops0_.shops_id=shop1_.id where shops0_.products_id=?
27-10-2021 11:30:26.582 [task-2] [shop-service, ] TRACE o.h.type.descriptor.sql.BasicBinder.bind - binding parameter [1] as [BIGINT] - [1]
27-10-2021 11:30:26.583 [task-2] [shop-service, ] DEBUG org.hibernate.SQL.logStatement - select shops0_.products_id as products2_3_0_, shops0_.shops_id as shops_id1_3_0_, shop1_.id as id1_2_1_, shop1_.contact as contact2_2_1_, shop1_.location as location3_2_1_, shop1_.max_queue_size as max_queu4_2_1_, shop1_.name as name5_2_1_, shop1_.queue_size as queue_si6_2_1_ from shop_products shops0_ inner join shop shop1_ on shops0_.shops_id=shop1_.id where shops0_.products_id=?
27-10-2021 11:30:26.584 [task-2] [shop-service, ] TRACE o.h.type.descriptor.sql.BasicBinder.bind - binding parameter [1] as [BIGINT] - [2]
27-10-2021 11:35:03.147 [AsyncResolver-bootstrap-executor-0] [shop-service, ] INFO  c.n.d.s.r.aws.ConfigClusterResolver.getClusterEndpoints - Resolving eureka endpoints via configuration
27-10-2021 11:40:03.148 [AsyncResolver-bootstrap-executor-0] [shop-service, ] INFO  c.n.d.s.r.aws.ConfigClusterResolver.getClusterEndpoints - Resolving eureka endpoints via configuration
27-10-2021 11:45:03.151 [AsyncResolver-bootstrap-executor-0] [shop-service, ] INFO  c.n.d.s.r.aws.ConfigClusterResolver.getClusterEndpoints - Resolving eureka endpoints via configuration
27-10-2021 11:50:03.153 [AsyncResolver-bootstrap-executor-0] [shop-service, ] INFO  c.n.d.s.r.aws.ConfigClusterResolver.getClusterEndpoints - Resolving eureka endpoints via configuration
27-10-2021 11:55:03.154 [AsyncResolver-bootstrap-executor-0] [shop-service, ] INFO  c.n.d.s.r.aws.ConfigClusterResolver.getClusterEndpoints - Resolving eureka endpoints via configuration
27-10-2021 12:00:03.156 [AsyncResolver-bootstrap-executor-0] [shop-service, ] INFO  c.n.d.s.r.aws.ConfigClusterResolver.getClusterEndpoints - Resolving eureka endpoints via configuration
27-10-2021 12:05:03.157 [AsyncResolver-bootstrap-executor-0] [shop-service, ] INFO  c.n.d.s.r.aws.ConfigClusterResolver.getClusterEndpoints - Resolving eureka endpoints via configuration
27-10-2021 12:10:03.158 [AsyncResolver-bootstrap-executor-0] [shop-service, ] INFO  c.n.d.s.r.aws.ConfigClusterResolver.getClusterEndpoints - Resolving eureka endpoints via configuration
27-10-2021 12:15:03.161 [AsyncResolver-bootstrap-executor-0] [shop-service, ] INFO  c.n.d.s.r.aws.ConfigClusterResolver.getClusterEndpoints - Resolving eureka endpoints via configuration
27-10-2021 12:20:03.162 [AsyncResolver-bootstrap-executor-0] [shop-service, ] INFO  c.n.d.s.r.aws.ConfigClusterResolver.getClusterEndpoints - Resolving eureka endpoints via configuration
27-10-2021 12:25:03.164 [AsyncResolver-bootstrap-executor-0] [shop-service, ] INFO  c.n.d.s.r.aws.ConfigClusterResolver.getClusterEndpoints - Resolving eureka endpoints via configuration
27-10-2021 12:30:03.165 [AsyncResolver-bootstrap-executor-0] [shop-service, ] INFO  c.n.d.s.r.aws.ConfigClusterResolver.getClusterEndpoints - Resolving eureka endpoints via configuration
27-10-2021 12:35:03.167 [AsyncResolver-bootstrap-executor-0] [shop-service, ] INFO  c.n.d.s.r.aws.ConfigClusterResolver.getClusterEndpoints - Resolving eureka endpoints via configuration
27-10-2021 12:40:03.169 [AsyncResolver-bootstrap-executor-0] [shop-service, ] INFO  c.n.d.s.r.aws.ConfigClusterResolver.getClusterEndpoints - Resolving eureka endpoints via configuration
27-10-2021 12:45:03.172 [AsyncResolver-bootstrap-executor-0] [shop-service, ] INFO  c.n.d.s.r.aws.ConfigClusterResolver.getClusterEndpoints - Resolving eureka endpoints via configuration
27-10-2021 12:50:03.174 [AsyncResolver-bootstrap-executor-0] [shop-service, ] INFO  c.n.d.s.r.aws.ConfigClusterResolver.getClusterEndpoints - Resolving eureka endpoints via configuration
27-10-2021 12:55:03.176 [AsyncResolver-bootstrap-executor-0] [shop-service, ] INFO  c.n.d.s.r.aws.ConfigClusterResolver.getClusterEndpoints - Resolving eureka endpoints via configuration
27-10-2021 13:00:03.178 [AsyncResolver-bootstrap-executor-0] [shop-service, ] INFO  c.n.d.s.r.aws.ConfigClusterResolver.getClusterEndpoints - Resolving eureka endpoints via configuration
27-10-2021 13:05:03.180 [AsyncResolver-bootstrap-executor-0] [shop-service, ] INFO  c.n.d.s.r.aws.ConfigClusterResolver.getClusterEndpoints - Resolving eureka endpoints via configuration
27-10-2021 13:10:03.181 [AsyncResolver-bootstrap-executor-0] [shop-service, ] INFO  c.n.d.s.r.aws.ConfigClusterResolver.getClusterEndpoints - Resolving eureka endpoints via configuration
27-10-2021 13:15:03.187 [AsyncResolver-bootstrap-executor-0] [shop-service, ] INFO  c.n.d.s.r.aws.ConfigClusterResolver.getClusterEndpoints - Resolving eureka endpoints via configuration
27-10-2021 13:20:03.189 [AsyncResolver-bootstrap-executor-0] [shop-service, ] INFO  c.n.d.s.r.aws.ConfigClusterResolver.getClusterEndpoints - Resolving eureka endpoints via configuration
27-10-2021 13:25:03.189 [AsyncResolver-bootstrap-executor-0] [shop-service, ] INFO  c.n.d.s.r.aws.ConfigClusterResolver.getClusterEndpoints - Resolving eureka endpoints via configuration
27-10-2021 13:30:03.191 [AsyncResolver-bootstrap-executor-0] [shop-service, ] INFO  c.n.d.s.r.aws.ConfigClusterResolver.getClusterEndpoints - Resolving eureka endpoints via configuration
27-10-2021 13:35:03.192 [AsyncResolver-bootstrap-executor-0] [shop-service, ] INFO  c.n.d.s.r.aws.ConfigClusterResolver.getClusterEndpoints - Resolving eureka endpoints via configuration
27-10-2021 13:40:03.193 [AsyncResolver-bootstrap-executor-0] [shop-service, ] INFO  c.n.d.s.r.aws.ConfigClusterResolver.getClusterEndpoints - Resolving eureka endpoints via configuration
27-10-2021 13:45:03.197 [AsyncResolver-bootstrap-executor-0] [shop-service, ] INFO  c.n.d.s.r.aws.ConfigClusterResolver.getClusterEndpoints - Resolving eureka endpoints via configuration
27-10-2021 13:50:03.199 [AsyncResolver-bootstrap-executor-0] [shop-service, ] INFO  c.n.d.s.r.aws.ConfigClusterResolver.getClusterEndpoints - Resolving eureka endpoints via configuration
27-10-2021 13:55:03.200 [AsyncResolver-bootstrap-executor-0] [shop-service, ] INFO  c.n.d.s.r.aws.ConfigClusterResolver.getClusterEndpoints - Resolving eureka endpoints via configuration
27-10-2021 14:00:03.201 [AsyncResolver-bootstrap-executor-0] [shop-service, ] INFO  c.n.d.s.r.aws.ConfigClusterResolver.getClusterEndpoints - Resolving eureka endpoints via configuration
27-10-2021 14:05:03.203 [AsyncResolver-bootstrap-executor-0] [shop-service, ] INFO  c.n.d.s.r.aws.ConfigClusterResolver.getClusterEndpoints - Resolving eureka endpoints via configuration
27-10-2021 14:10:03.205 [AsyncResolver-bootstrap-executor-0] [shop-service, ] INFO  c.n.d.s.r.aws.ConfigClusterResolver.getClusterEndpoints - Resolving eureka endpoints via configuration
27-10-2021 14:15:03.209 [AsyncResolver-bootstrap-executor-0] [shop-service, ] INFO  c.n.d.s.r.aws.ConfigClusterResolver.getClusterEndpoints - Resolving eureka endpoints via configuration
27-10-2021 14:20:03.212 [AsyncResolver-bootstrap-executor-0] [shop-service, ] INFO  c.n.d.s.r.aws.ConfigClusterResolver.getClusterEndpoints - Resolving eureka endpoints via configuration
27-10-2021 14:24:28.823 [task-4] [shop-service, ] DEBUG com.yahoo.elide.Elide.mapError - No error mapping present for class com.yahoo.elide.core.exceptions.InvalidCollectionException
27-10-2021 14:24:28.856 [task-4] [shop-service, ] DEBUG com.yahoo.elide.Elide.handleRuntimeException - Caught HTTP status exception
com.yahoo.elide.core.exceptions.InvalidCollectionException: Unknown collection products
27-10-2021 14:24:33.019 [task-5] [shop-service, ] DEBUG com.yahoo.elide.Elide.mapError - No error mapping present for class com.yahoo.elide.core.exceptions.InvalidCollectionException
27-10-2021 14:24:33.020 [task-5] [shop-service, ] DEBUG com.yahoo.elide.Elide.handleRuntimeException - Caught HTTP status exception
com.yahoo.elide.core.exceptions.InvalidCollectionException: Unknown collection product
27-10-2021 14:25:03.214 [AsyncResolver-bootstrap-executor-0] [shop-service, ] INFO  c.n.d.s.r.aws.ConfigClusterResolver.getClusterEndpoints - Resolving eureka endpoints via configuration
27-10-2021 14:26:46.820 [task-6] [shop-service, ] DEBUG org.hibernate.SQL.logStatement - select shop0_.id as id1_2_, shop0_.contact as contact2_2_, shop0_.location as location3_2_, shop0_.max_queue_size as max_queu4_2_, shop0_.name as name5_2_, shop0_.queue_size as queue_si6_2_ from shop shop0_ limit ?
27-10-2021 14:26:46.903 [task-6] [shop-service, ] DEBUG c.y.elide.core.utils.TimedFunction.get - Query Hash: 2024080679	Time spent: 87
27-10-2021 14:26:46.958 [task-6] [shop-service, ] DEBUG org.hibernate.SQL.logStatement - select products0_.shops_id as shops_id1_3_0_, products0_.products_id as products2_3_0_, product1_.id as id1_0_1_, product1_.name as name2_0_1_, product1_.price as price3_0_1_ from shop_products products0_ inner join product product1_ on products0_.products_id=product1_.id where products0_.shops_id=?
27-10-2021 14:26:46.961 [task-6] [shop-service, ] TRACE o.h.type.descriptor.sql.BasicBinder.bind - binding parameter [1] as [BIGINT] - [1]
27-10-2021 14:26:46.969 [task-6] [shop-service, ] DEBUG org.hibernate.SQL.logStatement - select products0_.shops_id as shops_id1_3_0_, products0_.products_id as products2_3_0_, product1_.id as id1_0_1_, product1_.name as name2_0_1_, product1_.price as price3_0_1_ from shop_products products0_ inner join product product1_ on products0_.products_id=product1_.id where products0_.shops_id=?
27-10-2021 14:26:46.970 [task-6] [shop-service, ] TRACE o.h.type.descriptor.sql.BasicBinder.bind - binding parameter [1] as [BIGINT] - [2]
27-10-2021 14:26:46.972 [task-6] [shop-service, ] DEBUG org.hibernate.SQL.logStatement - select products0_.shops_id as shops_id1_3_0_, products0_.products_id as products2_3_0_, product1_.id as id1_0_1_, product1_.name as name2_0_1_, product1_.price as price3_0_1_ from shop_products products0_ inner join product product1_ on products0_.products_id=product1_.id where products0_.shops_id=?
27-10-2021 14:26:46.972 [task-6] [shop-service, ] TRACE o.h.type.descriptor.sql.BasicBinder.bind - binding parameter [1] as [BIGINT] - [3]
27-10-2021 14:26:46.973 [task-6] [shop-service, ] DEBUG org.hibernate.SQL.logStatement - select products0_.shops_id as shops_id1_3_0_, products0_.products_id as products2_3_0_, product1_.id as id1_0_1_, product1_.name as name2_0_1_, product1_.price as price3_0_1_ from shop_products products0_ inner join product product1_ on products0_.products_id=product1_.id where products0_.shops_id=?
27-10-2021 14:26:46.974 [task-6] [shop-service, ] TRACE o.h.type.descriptor.sql.BasicBinder.bind - binding parameter [1] as [BIGINT] - [4]
27-10-2021 14:26:46.977 [task-6] [shop-service, ] DEBUG org.hibernate.SQL.logStatement - select queues0_.shop_id as shop_id3_1_0_, queues0_.id as id1_1_0_, queues0_.id as id1_1_1_, queues0_.max_number as max_numb2_1_1_, queues0_.shop_id as shop_id3_1_1_ from queue queues0_ where queues0_.shop_id=?
27-10-2021 14:26:46.978 [task-6] [shop-service, ] TRACE o.h.type.descriptor.sql.BasicBinder.bind - binding parameter [1] as [BIGINT] - [1]
27-10-2021 14:26:46.991 [task-6] [shop-service, ] DEBUG org.hibernate.SQL.logStatement - select queues0_.shop_id as shop_id3_1_0_, queues0_.id as id1_1_0_, queues0_.id as id1_1_1_, queues0_.max_number as max_numb2_1_1_, queues0_.shop_id as shop_id3_1_1_ from queue queues0_ where queues0_.shop_id=?
27-10-2021 14:26:46.991 [task-6] [shop-service, ] TRACE o.h.type.descriptor.sql.BasicBinder.bind - binding parameter [1] as [BIGINT] - [4]
27-10-2021 14:26:46.994 [task-6] [shop-service, ] DEBUG org.hibernate.SQL.logStatement - select queues0_.shop_id as shop_id3_1_0_, queues0_.id as id1_1_0_, queues0_.id as id1_1_1_, queues0_.max_number as max_numb2_1_1_, queues0_.shop_id as shop_id3_1_1_ from queue queues0_ where queues0_.shop_id=?
27-10-2021 14:26:46.994 [task-6] [shop-service, ] TRACE o.h.type.descriptor.sql.BasicBinder.bind - binding parameter [1] as [BIGINT] - [3]
27-10-2021 14:26:46.996 [task-6] [shop-service, ] DEBUG org.hibernate.SQL.logStatement - select queues0_.shop_id as shop_id3_1_0_, queues0_.id as id1_1_0_, queues0_.id as id1_1_1_, queues0_.max_number as max_numb2_1_1_, queues0_.shop_id as shop_id3_1_1_ from queue queues0_ where queues0_.shop_id=?
27-10-2021 14:26:46.997 [task-6] [shop-service, ] TRACE o.h.type.descriptor.sql.BasicBinder.bind - binding parameter [1] as [BIGINT] - [2]
27-10-2021 14:26:56.001 [task-7] [shop-service, ] DEBUG org.hibernate.SQL.logStatement - select shop0_.id as id1_2_, shop0_.contact as contact2_2_, shop0_.location as location3_2_, shop0_.max_queue_size as max_queu4_2_, shop0_.name as name5_2_, shop0_.queue_size as queue_si6_2_ from shop shop0_ where shop0_.id in (?)
27-10-2021 14:26:56.015 [task-7] [shop-service, ] TRACE o.h.type.descriptor.sql.BasicBinder.bind - binding parameter [1] as [BIGINT] - [1]
27-10-2021 14:26:56.018 [task-7] [shop-service, ] DEBUG org.hibernate.SQL.logStatement - select products0_.shops_id as shops_id1_3_0_, products0_.products_id as products2_3_0_, product1_.id as id1_0_1_, product1_.name as name2_0_1_, product1_.price as price3_0_1_ from shop_products products0_ inner join product product1_ on products0_.products_id=product1_.id where products0_.shops_id=?
27-10-2021 14:26:56.019 [task-7] [shop-service, ] TRACE o.h.type.descriptor.sql.BasicBinder.bind - binding parameter [1] as [BIGINT] - [1]
27-10-2021 14:26:56.021 [task-7] [shop-service, ] DEBUG c.y.elide.core.utils.TimedFunction.get - Query Hash: 2035847251	Time spent: 23
27-10-2021 14:26:56.026 [task-7] [shop-service, ] DEBUG org.hibernate.SQL.logStatement - select queues0_.shop_id as shop_id3_1_0_, queues0_.id as id1_1_0_, queues0_.id as id1_1_1_, queues0_.max_number as max_numb2_1_1_, queues0_.shop_id as shop_id3_1_1_ from queue queues0_ where queues0_.shop_id=?
27-10-2021 14:26:56.026 [task-7] [shop-service, ] TRACE o.h.type.descriptor.sql.BasicBinder.bind - binding parameter [1] as [BIGINT] - [1]
27-10-2021 14:27:42.779 [SpringContextShutdownHook] [shop-service, ] INFO  o.s.c.n.e.s.EurekaServiceRegistry.deregister - Unregistering application SHOP-SERVICE with eureka with status DOWN
27-10-2021 14:27:42.781 [SpringContextShutdownHook] [shop-service, ] INFO  c.netflix.discovery.DiscoveryClient.notify - Saw local status change event StatusChangeEvent [timestamp=1635319662781, current=DOWN, previous=UP]
27-10-2021 14:27:42.784 [DiscoveryClient-InstanceInfoReplicator-0] [shop-service, ] INFO  c.netflix.discovery.DiscoveryClient.register - DiscoveryClient_SHOP-SERVICE/DTRANW10.mshome.net:shop-service:8080: registering service...
27-10-2021 14:27:43.065 [DiscoveryClient-InstanceInfoReplicator-0] [shop-service, ] INFO  c.netflix.discovery.DiscoveryClient.register - DiscoveryClient_SHOP-SERVICE/DTRANW10.mshome.net:shop-service:8080 - registration status: 204
27-10-2021 14:27:44.041 [SpringContextShutdownHook] [shop-service, ] INFO  o.s.s.c.ThreadPoolTaskExecutor.shutdown - Shutting down ExecutorService 'applicationTaskExecutor'
27-10-2021 14:27:44.071 [SpringContextShutdownHook] [shop-service, ] INFO  o.s.o.j.LocalContainerEntityManagerFactoryBean.destroy - Closing JPA EntityManagerFactory for persistence unit 'default'
27-10-2021 14:27:44.291 [SpringContextShutdownHook] [shop-service, ] INFO  com.zaxxer.hikari.HikariDataSource.close - HikariPool-2 - Shutdown initiated...
27-10-2021 14:27:44.311 [SpringContextShutdownHook] [shop-service, ] INFO  com.zaxxer.hikari.HikariDataSource.close - HikariPool-2 - Shutdown completed.
27-10-2021 14:27:44.314 [SpringContextShutdownHook] [shop-service, ] INFO  c.netflix.discovery.DiscoveryClient.shutdown - Shutting down DiscoveryClient ...
27-10-2021 14:27:47.386 [SpringContextShutdownHook] [shop-service, ] INFO  c.netflix.discovery.DiscoveryClient.unregister - Unregistering ...
27-10-2021 14:27:47.534 [SpringContextShutdownHook] [shop-service, ] INFO  c.netflix.discovery.DiscoveryClient.unregister - DiscoveryClient_SHOP-SERVICE/DTRANW10.mshome.net:shop-service:8080 - deregister  status: 200
27-10-2021 14:27:47.590 [SpringContextShutdownHook] [shop-service, ] INFO  c.netflix.discovery.DiscoveryClient.shutdown - Completed shut down of DiscoveryClient
27-10-2021 14:28:00.591 [main] [shop-service, ] INFO  c.d.a.s.ShopServiceApplication.logStarting - Starting ShopServiceApplication using Java 11.0.11 on DTRANW10 with PID 24868 (C:\Users\dtran\workspace\101digital\shop-service\target\classes started by dtran in C:\Users\dtran\workspace\101digital\discovery-service)
27-10-2021 14:28:00.596 [main] [shop-service, ] INFO  c.d.a.s.ShopServiceApplication.logStartupProfileInfo - No active profile set, falling back to default profiles: default
27-10-2021 14:28:01.433 [main] [shop-service, ] INFO  o.s.d.r.c.RepositoryConfigurationDelegate.registerRepositoriesIn - Bootstrapping Spring Data JPA repositories in DEFAULT mode.
27-10-2021 14:28:01.524 [main] [shop-service, ] INFO  o.s.d.r.c.RepositoryConfigurationDelegate.registerRepositoriesIn - Finished Spring Data repository scanning in 80 ms. Found 2 JPA repository interfaces.
27-10-2021 14:28:01.805 [main] [shop-service, ] INFO  o.s.cloud.context.scope.GenericScope.setSerializationId - BeanFactory id=a85736cb-34c1-3369-b333-4747b71f4e1e
27-10-2021 14:28:02.219 [main] [shop-service, ] INFO  o.s.b.w.e.tomcat.TomcatWebServer.initialize - Tomcat initialized with port(s): 8080 (http)
27-10-2021 14:28:02.228 [main] [shop-service, ] INFO  o.a.coyote.http11.Http11NioProtocol.log - Initializing ProtocolHandler ["http-nio-8080"]
27-10-2021 14:28:02.229 [main] [shop-service, ] INFO  o.a.catalina.core.StandardService.log - Starting service [Tomcat]
27-10-2021 14:28:02.229 [main] [shop-service, ] INFO  o.a.catalina.core.StandardEngine.log - Starting Servlet engine: [Apache Tomcat/9.0.41]
27-10-2021 14:28:02.413 [main] [shop-service, ] INFO  o.a.c.c.C.[Tomcat].[localhost].[/].log - Initializing Spring embedded WebApplicationContext
27-10-2021 14:28:02.413 [main] [shop-service, ] INFO  o.s.b.w.s.c.ServletWebServerApplicationContext.prepareWebApplicationContext - Root WebApplicationContext: initialization completed in 1778 ms
27-10-2021 14:28:02.463 [main] [shop-service, ] INFO  n.r.s.b.l.a.LogbackAccessContext.configureWithCauseThrowing - Configured the Logback-access: context=[default], config=[classpath:logback-access-spring.xml]
27-10-2021 14:28:02.528 [main] [shop-service, ] INFO  com.zaxxer.hikari.HikariDataSource.getConnection - HikariPool-1 - Starting...
27-10-2021 14:28:02.632 [main] [shop-service, ] INFO  com.zaxxer.hikari.HikariDataSource.getConnection - HikariPool-1 - Start completed.
27-10-2021 14:28:05.805 [main] [shop-service, ] INFO  l.lockservice.StandardLockService.info - Successfully acquired change log lock
27-10-2021 14:28:06.042 [main] [shop-service, ] INFO  l.c.StandardChangeLogHistoryService.info - Reading from public.databasechangelog
27-10-2021 14:28:06.049 [main] [shop-service, ] INFO  l.lockservice.StandardLockService.info - Successfully released change log lock
27-10-2021 14:28:06.051 [main] [shop-service, ] INFO  com.zaxxer.hikari.HikariDataSource.close - HikariPool-1 - Shutdown initiated...
27-10-2021 14:28:06.059 [main] [shop-service, ] INFO  com.zaxxer.hikari.HikariDataSource.close - HikariPool-1 - Shutdown completed.
27-10-2021 14:28:06.163 [main] [shop-service, ] INFO  o.h.jpa.internal.util.LogHelper.logPersistenceUnitInformation - HHH000204: Processing PersistenceUnitInfo [name: default]
27-10-2021 14:28:06.233 [main] [shop-service, ] INFO  org.hibernate.Version.logVersion - HHH000412: Hibernate ORM core version 5.4.27.Final
27-10-2021 14:28:06.406 [main] [shop-service, ] INFO  o.h.annotations.common.Version.<clinit> - HCANN000001: Hibernate Commons Annotations {5.1.2.Final}
27-10-2021 14:28:06.510 [main] [shop-service, ] INFO  com.zaxxer.hikari.HikariDataSource.getConnection - HikariPool-2 - Starting...
27-10-2021 14:28:06.517 [main] [shop-service, ] INFO  com.zaxxer.hikari.HikariDataSource.getConnection - HikariPool-2 - Start completed.
27-10-2021 14:28:06.528 [main] [shop-service, ] INFO  org.hibernate.dialect.Dialect.<init> - HHH000400: Using dialect: org.hibernate.dialect.PostgreSQL9Dialect
27-10-2021 14:28:07.216 [main] [shop-service, ] INFO  o.h.e.t.j.p.i.JtaPlatformInitiator.initiateService - HHH000490: Using JtaPlatform implementation: [org.hibernate.engine.transaction.jta.platform.internal.NoJtaPlatform]
27-10-2021 14:28:07.227 [main] [shop-service, ] INFO  o.s.o.j.LocalContainerEntityManagerFactoryBean.buildNativeEntityManagerFactory - Initialized JPA EntityManagerFactory for persistence unit 'default'
27-10-2021 14:28:07.315 [main] [shop-service, ] WARN  o.s.b.a.o.j.JpaBaseConfiguration$JpaWebConfiguration.openEntityManagerInViewInterceptor - spring.jpa.open-in-view is enabled by default. Therefore, database queries may be performed during view rendering. Explicitly configure spring.jpa.open-in-view to disable this warning
27-10-2021 14:28:08.415 [main] [shop-service, ] INFO  o.s.b.a.s.s.UserDetailsServiceAutoConfiguration.getOrDeducePassword - 

Using generated security password: 829e4529-cb38-4760-a3e0-9a639f92328c

27-10-2021 14:28:08.521 [main] [shop-service, ] INFO  o.s.s.web.DefaultSecurityFilterChain.<init> - Will secure any request with [org.springframework.security.web.context.request.async.WebAsyncManagerIntegrationFilter@21e470cc, org.springframework.security.web.context.SecurityContextPersistenceFilter@2591f310, org.springframework.security.web.header.HeaderWriterFilter@3ad6ecc5, org.springframework.web.filter.CorsFilter@160ecb8f, org.springframework.security.web.authentication.logout.LogoutFilter@2489ee11, org.springframework.security.web.savedrequest.RequestCacheAwareFilter@3aac3f34, org.springframework.security.web.servletapi.SecurityContextHolderAwareRequestFilter@69f90fc4, org.springframework.security.web.authentication.AnonymousAuthenticationFilter@200257b8, org.springframework.security.web.session.SessionManagementFilter@71f01211, org.springframework.security.web.access.ExceptionTranslationFilter@19db3c2e, org.springframework.security.web.access.intercept.FilterSecurityInterceptor@3dc238ae]
27-10-2021 14:28:08.659 [main] [shop-service, ] INFO  o.s.s.c.ThreadPoolTaskExecutor.initialize - Initializing ExecutorService 'applicationTaskExecutor'
27-10-2021 14:28:15.635 [main] [shop-service, ] INFO  com.yahoo.elide.Elide.registerCustomSerde - Registering serde for type : class java.time.Instant
27-10-2021 14:28:15.661 [main] [shop-service, ] INFO  com.yahoo.elide.Elide.registerCustomSerde - Registering serde for type : class java.sql.Time
27-10-2021 14:28:15.662 [main] [shop-service, ] INFO  com.yahoo.elide.Elide.registerCustomSerde - Registering serde for type : class java.sql.Timestamp
27-10-2021 14:28:15.662 [main] [shop-service, ] INFO  com.yahoo.elide.Elide.registerCustomSerde - Registering serde for type : class java.sql.Date
27-10-2021 14:28:15.662 [main] [shop-service, ] INFO  com.yahoo.elide.Elide.registerCustomSerde - Registering serde for type : class java.time.OffsetDateTime
27-10-2021 14:28:15.662 [main] [shop-service, ] INFO  com.yahoo.elide.Elide.registerCustomSerde - Registering serde for type : class java.util.TimeZone
27-10-2021 14:28:15.662 [main] [shop-service, ] INFO  com.yahoo.elide.Elide.registerCustomSerde - Registering serde for type : class java.net.URL
27-10-2021 14:28:15.662 [main] [shop-service, ] INFO  com.yahoo.elide.Elide.registerCustomSerde - Registering serde for type : class java.util.Date
27-10-2021 14:28:15.664 [main] [shop-service, ] INFO  com.yahoo.elide.Elide.registerCustomSerde - Registering serde for type : class com.yahoo.elide.datastores.aggregation.timegrains.ISOWeek
27-10-2021 14:28:15.665 [main] [shop-service, ] INFO  com.yahoo.elide.Elide.registerCustomSerde - Registering serde for type : class com.yahoo.elide.datastores.aggregation.timegrains.Month
27-10-2021 14:28:15.665 [main] [shop-service, ] INFO  com.yahoo.elide.Elide.registerCustomSerde - Registering serde for type : class com.yahoo.elide.datastores.aggregation.timegrains.Time
27-10-2021 14:28:15.666 [main] [shop-service, ] INFO  com.yahoo.elide.Elide.registerCustomSerde - Registering serde for type : class com.yahoo.elide.datastores.aggregation.timegrains.Day
27-10-2021 14:28:15.666 [main] [shop-service, ] INFO  com.yahoo.elide.Elide.registerCustomSerde - Registering serde for type : class com.yahoo.elide.datastores.aggregation.timegrains.Minute
27-10-2021 14:28:15.668 [main] [shop-service, ] INFO  com.yahoo.elide.Elide.registerCustomSerde - Registering serde for type : class com.yahoo.elide.datastores.aggregation.timegrains.Quarter
27-10-2021 14:28:15.669 [main] [shop-service, ] INFO  com.yahoo.elide.Elide.registerCustomSerde - Registering serde for type : class com.yahoo.elide.datastores.aggregation.timegrains.Second
27-10-2021 14:28:15.670 [main] [shop-service, ] INFO  com.yahoo.elide.Elide.registerCustomSerde - Registering serde for type : class com.yahoo.elide.datastores.aggregation.timegrains.Hour
27-10-2021 14:28:15.670 [main] [shop-service, ] INFO  com.yahoo.elide.Elide.registerCustomSerde - Registering serde for type : class com.yahoo.elide.datastores.aggregation.timegrains.Week
27-10-2021 14:28:15.672 [main] [shop-service, ] INFO  com.yahoo.elide.Elide.registerCustomSerde - Registering serde for type : class com.yahoo.elide.datastores.aggregation.timegrains.Year
27-10-2021 14:28:16.109 [main] [shop-service, ] INFO  o.s.c.n.e.c.DiscoveryClientOptionalArgsConfiguration.restTemplateDiscoveryClientOptionalArgs - Eureka HTTP Client uses RestTemplate.
27-10-2021 14:28:17.283 [main] [shop-service, ] INFO  o.s.c.n.eureka.InstanceInfoFactory.create - Setting initial instance status as: STARTING
27-10-2021 14:28:17.303 [main] [shop-service, ] INFO  c.netflix.discovery.DiscoveryClient.<init> - Initializing Eureka in region us-east-1
27-10-2021 14:28:17.307 [main] [shop-service, ] INFO  c.n.d.s.r.aws.ConfigClusterResolver.getClusterEndpoints - Resolving eureka endpoints via configuration
27-10-2021 14:28:17.328 [main] [shop-service, ] INFO  c.netflix.discovery.DiscoveryClient.fetchRegistry - Disable delta property : false
27-10-2021 14:28:17.329 [main] [shop-service, ] INFO  c.netflix.discovery.DiscoveryClient.fetchRegistry - Single vip registry refresh property : null
27-10-2021 14:28:17.329 [main] [shop-service, ] INFO  c.netflix.discovery.DiscoveryClient.fetchRegistry - Force full registry fetch : false
27-10-2021 14:28:17.329 [main] [shop-service, ] INFO  c.netflix.discovery.DiscoveryClient.fetchRegistry - Application is null : false
27-10-2021 14:28:17.329 [main] [shop-service, ] INFO  c.netflix.discovery.DiscoveryClient.fetchRegistry - Registered Applications size is zero : true
27-10-2021 14:28:17.329 [main] [shop-service, ] INFO  c.netflix.discovery.DiscoveryClient.fetchRegistry - Application version is -1: true
27-10-2021 14:28:17.329 [main] [shop-service, ] INFO  c.netflix.discovery.DiscoveryClient.getAndStoreFullRegistry - Getting all instance registry info from the eureka server
27-10-2021 14:28:17.621 [main] [shop-service, ] INFO  c.netflix.discovery.DiscoveryClient.getAndStoreFullRegistry - The response status is 200
27-10-2021 14:28:17.623 [main] [shop-service, ] INFO  c.netflix.discovery.DiscoveryClient.initScheduledTasks - Starting heartbeat executor: renew interval is: 30
27-10-2021 14:28:17.627 [main] [shop-service, ] INFO  c.n.discovery.InstanceInfoReplicator.<init> - InstanceInfoReplicator onDemand update allowed rate per min is 4
27-10-2021 14:28:17.636 [main] [shop-service, ] INFO  c.netflix.discovery.DiscoveryClient.<init> - Discovery Client initialized at timestamp 1635319697633 with initial instances count: 0
27-10-2021 14:28:17.639 [main] [shop-service, ] INFO  o.s.c.n.e.s.EurekaServiceRegistry.register - Registering application SHOP-SERVICE with eureka with status UP
27-10-2021 14:28:17.640 [main] [shop-service, ] INFO  c.netflix.discovery.DiscoveryClient.notify - Saw local status change event StatusChangeEvent [timestamp=1635319697640, current=UP, previous=STARTING]
27-10-2021 14:28:17.642 [DiscoveryClient-InstanceInfoReplicator-0] [shop-service, ] INFO  c.netflix.discovery.DiscoveryClient.register - DiscoveryClient_SHOP-SERVICE/DTRANW10.mshome.net:shop-service:8080: registering service...
27-10-2021 14:28:17.643 [main] [shop-service, ] INFO  o.a.coyote.http11.Http11NioProtocol.log - Starting ProtocolHandler ["http-nio-8080"]
27-10-2021 14:28:17.678 [DiscoveryClient-InstanceInfoReplicator-0] [shop-service, ] INFO  c.netflix.discovery.DiscoveryClient.register - DiscoveryClient_SHOP-SERVICE/DTRANW10.mshome.net:shop-service:8080 - registration status: 204
27-10-2021 14:28:17.678 [main] [shop-service, ] INFO  o.s.b.w.e.tomcat.TomcatWebServer.start - Tomcat started on port(s): 8080 (http) with context path ''
27-10-2021 14:28:17.679 [main] [shop-service, ] INFO  o.s.c.n.e.s.EurekaAutoServiceRegistration.onApplicationEvent - Updating port to 8080
27-10-2021 14:28:18.807 [main] [shop-service, ] INFO  c.d.a.s.ShopServiceApplication.logStarted - Started ShopServiceApplication in 20.496 seconds (JVM running for 22.897)
27-10-2021 14:28:30.946 [http-nio-8080-exec-1] [shop-service, ] INFO  o.a.c.c.C.[Tomcat].[localhost].[/].log - Initializing Spring DispatcherServlet 'dispatcherServlet'
27-10-2021 14:28:30.946 [http-nio-8080-exec-1] [shop-service, ] INFO  o.s.web.servlet.DispatcherServlet.initServletBean - Initializing Servlet 'dispatcherServlet'
27-10-2021 14:28:30.946 [http-nio-8080-exec-1] [shop-service, ] INFO  o.s.web.servlet.DispatcherServlet.initServletBean - Completed initialization in 0 ms
27-10-2021 14:28:31.213 [task-1] [shop-service, ] DEBUG org.hibernate.SQL.logStatement - select shop0_.id as id1_2_, shop0_.contact as contact2_2_, shop0_.location as location3_2_, shop0_.max_queue_size as max_queu4_2_, shop0_.name as name5_2_, shop0_.queue_size as queue_si6_2_ from shop shop0_ limit ?
27-10-2021 14:28:31.247 [task-1] [shop-service, ] DEBUG c.y.elide.core.utils.TimedFunction.get - Query Hash: 2113241093	Time spent: 42
27-10-2021 14:28:31.279 [task-1] [shop-service, ] DEBUG org.hibernate.SQL.logStatement - select products0_.shops_id as shops_id1_3_0_, products0_.products_id as products2_3_0_, product1_.id as id1_0_1_, product1_.name as name2_0_1_, product1_.price as price3_0_1_ from shop_products products0_ inner join product product1_ on products0_.products_id=product1_.id where products0_.shops_id=?
27-10-2021 14:28:31.281 [task-1] [shop-service, ] TRACE o.h.type.descriptor.sql.BasicBinder.bind - binding parameter [1] as [BIGINT] - [1]
27-10-2021 14:28:31.293 [task-1] [shop-service, ] DEBUG org.hibernate.SQL.logStatement - select products0_.shops_id as shops_id1_3_0_, products0_.products_id as products2_3_0_, product1_.id as id1_0_1_, product1_.name as name2_0_1_, product1_.price as price3_0_1_ from shop_products products0_ inner join product product1_ on products0_.products_id=product1_.id where products0_.shops_id=?
27-10-2021 14:28:31.294 [task-1] [shop-service, ] TRACE o.h.type.descriptor.sql.BasicBinder.bind - binding parameter [1] as [BIGINT] - [2]
27-10-2021 14:28:31.294 [task-1] [shop-service, ] DEBUG org.hibernate.SQL.logStatement - select products0_.shops_id as shops_id1_3_0_, products0_.products_id as products2_3_0_, product1_.id as id1_0_1_, product1_.name as name2_0_1_, product1_.price as price3_0_1_ from shop_products products0_ inner join product product1_ on products0_.products_id=product1_.id where products0_.shops_id=?
27-10-2021 14:28:31.294 [task-1] [shop-service, ] TRACE o.h.type.descriptor.sql.BasicBinder.bind - binding parameter [1] as [BIGINT] - [3]
27-10-2021 14:28:31.295 [task-1] [shop-service, ] DEBUG org.hibernate.SQL.logStatement - select products0_.shops_id as shops_id1_3_0_, products0_.products_id as products2_3_0_, product1_.id as id1_0_1_, product1_.name as name2_0_1_, product1_.price as price3_0_1_ from shop_products products0_ inner join product product1_ on products0_.products_id=product1_.id where products0_.shops_id=?
27-10-2021 14:28:31.296 [task-1] [shop-service, ] TRACE o.h.type.descriptor.sql.BasicBinder.bind - binding parameter [1] as [BIGINT] - [4]
27-10-2021 14:28:31.302 [task-1] [shop-service, ] DEBUG org.hibernate.SQL.logStatement - select queues0_.shop_id as shop_id3_1_0_, queues0_.id as id1_1_0_, queues0_.id as id1_1_1_, queues0_.max_number as max_numb2_1_1_, queues0_.shop_id as shop_id3_1_1_ from queue queues0_ where queues0_.shop_id=?
27-10-2021 14:28:31.303 [task-1] [shop-service, ] TRACE o.h.type.descriptor.sql.BasicBinder.bind - binding parameter [1] as [BIGINT] - [1]
27-10-2021 14:28:31.306 [task-1] [shop-service, ] DEBUG org.hibernate.SQL.logStatement - select queues0_.shop_id as shop_id3_1_0_, queues0_.id as id1_1_0_, queues0_.id as id1_1_1_, queues0_.max_number as max_numb2_1_1_, queues0_.shop_id as shop_id3_1_1_ from queue queues0_ where queues0_.shop_id=?
27-10-2021 14:28:31.306 [task-1] [shop-service, ] TRACE o.h.type.descriptor.sql.BasicBinder.bind - binding parameter [1] as [BIGINT] - [4]
27-10-2021 14:28:31.308 [task-1] [shop-service, ] DEBUG org.hibernate.SQL.logStatement - select queues0_.shop_id as shop_id3_1_0_, queues0_.id as id1_1_0_, queues0_.id as id1_1_1_, queues0_.max_number as max_numb2_1_1_, queues0_.shop_id as shop_id3_1_1_ from queue queues0_ where queues0_.shop_id=?
27-10-2021 14:28:31.308 [task-1] [shop-service, ] TRACE o.h.type.descriptor.sql.BasicBinder.bind - binding parameter [1] as [BIGINT] - [3]
27-10-2021 14:28:31.309 [task-1] [shop-service, ] DEBUG org.hibernate.SQL.logStatement - select queues0_.shop_id as shop_id3_1_0_, queues0_.id as id1_1_0_, queues0_.id as id1_1_1_, queues0_.max_number as max_numb2_1_1_, queues0_.shop_id as shop_id3_1_1_ from queue queues0_ where queues0_.shop_id=?
27-10-2021 14:28:31.309 [task-1] [shop-service, ] TRACE o.h.type.descriptor.sql.BasicBinder.bind - binding parameter [1] as [BIGINT] - [2]
27-10-2021 14:28:31.314 [task-1] [shop-service, ] DEBUG org.hibernate.SQL.logStatement - select shops0_.products_id as products2_3_0_, shops0_.shops_id as shops_id1_3_0_, shop1_.id as id1_2_1_, shop1_.contact as contact2_2_1_, shop1_.location as location3_2_1_, shop1_.max_queue_size as max_queu4_2_1_, shop1_.name as name5_2_1_, shop1_.queue_size as queue_si6_2_1_ from shop_products shops0_ inner join shop shop1_ on shops0_.shops_id=shop1_.id where shops0_.products_id=?
27-10-2021 14:28:31.314 [task-1] [shop-service, ] TRACE o.h.type.descriptor.sql.BasicBinder.bind - binding parameter [1] as [BIGINT] - [1]
27-10-2021 14:28:31.318 [task-1] [shop-service, ] DEBUG org.hibernate.SQL.logStatement - select shops0_.products_id as products2_3_0_, shops0_.shops_id as shops_id1_3_0_, shop1_.id as id1_2_1_, shop1_.contact as contact2_2_1_, shop1_.location as location3_2_1_, shop1_.max_queue_size as max_queu4_2_1_, shop1_.name as name5_2_1_, shop1_.queue_size as queue_si6_2_1_ from shop_products shops0_ inner join shop shop1_ on shops0_.shops_id=shop1_.id where shops0_.products_id=?
27-10-2021 14:28:31.319 [task-1] [shop-service, ] TRACE o.h.type.descriptor.sql.BasicBinder.bind - binding parameter [1] as [BIGINT] - [2]
27-10-2021 14:28:38.730 [task-2] [shop-service, ] DEBUG org.hibernate.SQL.logStatement - select product0_.id as id1_0_, product0_.name as name2_0_, product0_.price as price3_0_ from product product0_ limit ?
27-10-2021 14:28:38.731 [task-2] [shop-service, ] DEBUG c.y.elide.core.utils.TimedFunction.get - Query Hash: 994999868	Time spent: 2
27-10-2021 14:28:38.732 [task-2] [shop-service, ] DEBUG org.hibernate.SQL.logStatement - select shops0_.products_id as products2_3_0_, shops0_.shops_id as shops_id1_3_0_, shop1_.id as id1_2_1_, shop1_.contact as contact2_2_1_, shop1_.location as location3_2_1_, shop1_.max_queue_size as max_queu4_2_1_, shop1_.name as name5_2_1_, shop1_.queue_size as queue_si6_2_1_ from shop_products shops0_ inner join shop shop1_ on shops0_.shops_id=shop1_.id where shops0_.products_id=?
27-10-2021 14:28:38.732 [task-2] [shop-service, ] TRACE o.h.type.descriptor.sql.BasicBinder.bind - binding parameter [1] as [BIGINT] - [1]
27-10-2021 14:28:38.735 [task-2] [shop-service, ] DEBUG org.hibernate.SQL.logStatement - select products0_.shops_id as shops_id1_3_0_, products0_.products_id as products2_3_0_, product1_.id as id1_0_1_, product1_.name as name2_0_1_, product1_.price as price3_0_1_ from shop_products products0_ inner join product product1_ on products0_.products_id=product1_.id where products0_.shops_id=?
27-10-2021 14:28:38.735 [task-2] [shop-service, ] TRACE o.h.type.descriptor.sql.BasicBinder.bind - binding parameter [1] as [BIGINT] - [1]
27-10-2021 14:28:38.736 [task-2] [shop-service, ] DEBUG org.hibernate.SQL.logStatement - select shops0_.products_id as products2_3_0_, shops0_.shops_id as shops_id1_3_0_, shop1_.id as id1_2_1_, shop1_.contact as contact2_2_1_, shop1_.location as location3_2_1_, shop1_.max_queue_size as max_queu4_2_1_, shop1_.name as name5_2_1_, shop1_.queue_size as queue_si6_2_1_ from shop_products shops0_ inner join shop shop1_ on shops0_.shops_id=shop1_.id where shops0_.products_id=?
27-10-2021 14:28:38.737 [task-2] [shop-service, ] TRACE o.h.type.descriptor.sql.BasicBinder.bind - binding parameter [1] as [BIGINT] - [2]
27-10-2021 14:28:47.624 [DiscoveryClient-CacheRefreshExecutor-0] [shop-service, ] INFO  c.netflix.discovery.DiscoveryClient.fetchRegistry - Disable delta property : false
27-10-2021 14:28:47.624 [DiscoveryClient-CacheRefreshExecutor-0] [shop-service, ] INFO  c.netflix.discovery.DiscoveryClient.fetchRegistry - Single vip registry refresh property : null
27-10-2021 14:28:47.625 [DiscoveryClient-CacheRefreshExecutor-0] [shop-service, ] INFO  c.netflix.discovery.DiscoveryClient.fetchRegistry - Force full registry fetch : false
27-10-2021 14:28:47.625 [DiscoveryClient-CacheRefreshExecutor-0] [shop-service, ] INFO  c.netflix.discovery.DiscoveryClient.fetchRegistry - Application is null : false
27-10-2021 14:28:47.625 [DiscoveryClient-CacheRefreshExecutor-0] [shop-service, ] INFO  c.netflix.discovery.DiscoveryClient.fetchRegistry - Registered Applications size is zero : true
27-10-2021 14:28:47.625 [DiscoveryClient-CacheRefreshExecutor-0] [shop-service, ] INFO  c.netflix.discovery.DiscoveryClient.fetchRegistry - Application version is -1: false
27-10-2021 14:28:47.625 [DiscoveryClient-CacheRefreshExecutor-0] [shop-service, ] INFO  c.netflix.discovery.DiscoveryClient.getAndStoreFullRegistry - Getting all instance registry info from the eureka server
27-10-2021 14:28:47.635 [DiscoveryClient-CacheRefreshExecutor-0] [shop-service, ] INFO  c.netflix.discovery.DiscoveryClient.getAndStoreFullRegistry - The response status is 200
27-10-2021 14:29:47.740 [DiscoveryClient-HeartbeatExecutor-0] [shop-service, ] INFO  c.netflix.discovery.DiscoveryClient.renew - DiscoveryClient_SHOP-SERVICE/DTRANW10.mshome.net:shop-service:8080 - Re-registering apps/SHOP-SERVICE
27-10-2021 14:29:47.741 [DiscoveryClient-HeartbeatExecutor-0] [shop-service, ] INFO  c.netflix.discovery.DiscoveryClient.register - DiscoveryClient_SHOP-SERVICE/DTRANW10.mshome.net:shop-service:8080: registering service...
27-10-2021 14:29:47.793 [DiscoveryClient-HeartbeatExecutor-0] [shop-service, ] INFO  c.netflix.discovery.DiscoveryClient.register - DiscoveryClient_SHOP-SERVICE/DTRANW10.mshome.net:shop-service:8080 - registration status: 204
27-10-2021 14:30:17.756 [DiscoveryClient-CacheRefreshExecutor-0] [shop-service, ] INFO  c.netflix.discovery.DiscoveryClient.fetchRegistry - Disable delta property : false
27-10-2021 14:30:17.756 [DiscoveryClient-CacheRefreshExecutor-0] [shop-service, ] INFO  c.netflix.discovery.DiscoveryClient.fetchRegistry - Single vip registry refresh property : null
27-10-2021 14:30:17.756 [DiscoveryClient-CacheRefreshExecutor-0] [shop-service, ] INFO  c.netflix.discovery.DiscoveryClient.fetchRegistry - Force full registry fetch : false
27-10-2021 14:30:17.756 [DiscoveryClient-CacheRefreshExecutor-0] [shop-service, ] INFO  c.netflix.discovery.DiscoveryClient.fetchRegistry - Application is null : false
27-10-2021 14:30:17.756 [DiscoveryClient-CacheRefreshExecutor-0] [shop-service, ] INFO  c.netflix.discovery.DiscoveryClient.fetchRegistry - Registered Applications size is zero : true
27-10-2021 14:30:17.756 [DiscoveryClient-CacheRefreshExecutor-0] [shop-service, ] INFO  c.netflix.discovery.DiscoveryClient.fetchRegistry - Application version is -1: false
27-10-2021 14:30:17.756 [DiscoveryClient-CacheRefreshExecutor-0] [shop-service, ] INFO  c.netflix.discovery.DiscoveryClient.getAndStoreFullRegistry - Getting all instance registry info from the eureka server
27-10-2021 14:30:17.760 [DiscoveryClient-CacheRefreshExecutor-0] [shop-service, ] INFO  c.netflix.discovery.DiscoveryClient.getAndStoreFullRegistry - The response status is 200
27-10-2021 14:33:17.332 [AsyncResolver-bootstrap-executor-0] [shop-service, ] INFO  c.n.d.s.r.aws.ConfigClusterResolver.getClusterEndpoints - Resolving eureka endpoints via configuration
27-10-2021 14:35:18.117 [task-3] [shop-service, ] DEBUG org.hibernate.SQL.logStatement - select product0_.id as id1_0_, product0_.name as name2_0_, product0_.price as price3_0_ from product product0_ limit ?
27-10-2021 14:35:18.119 [task-3] [shop-service, ] DEBUG c.y.elide.core.utils.TimedFunction.get - Query Hash: 1665959587	Time spent: 2
27-10-2021 14:35:18.120 [task-3] [shop-service, ] DEBUG org.hibernate.SQL.logStatement - select shops0_.products_id as products2_3_0_, shops0_.shops_id as shops_id1_3_0_, shop1_.id as id1_2_1_, shop1_.contact as contact2_2_1_, shop1_.location as location3_2_1_, shop1_.max_queue_size as max_queu4_2_1_, shop1_.name as name5_2_1_, shop1_.queue_size as queue_si6_2_1_ from shop_products shops0_ inner join shop shop1_ on shops0_.shops_id=shop1_.id where shops0_.products_id=?
27-10-2021 14:35:18.120 [task-3] [shop-service, ] TRACE o.h.type.descriptor.sql.BasicBinder.bind - binding parameter [1] as [BIGINT] - [1]
27-10-2021 14:35:18.122 [task-3] [shop-service, ] DEBUG org.hibernate.SQL.logStatement - select products0_.shops_id as shops_id1_3_0_, products0_.products_id as products2_3_0_, product1_.id as id1_0_1_, product1_.name as name2_0_1_, product1_.price as price3_0_1_ from shop_products products0_ inner join product product1_ on products0_.products_id=product1_.id where products0_.shops_id=?
27-10-2021 14:35:18.122 [task-3] [shop-service, ] TRACE o.h.type.descriptor.sql.BasicBinder.bind - binding parameter [1] as [BIGINT] - [1]
27-10-2021 14:35:18.122 [task-3] [shop-service, ] DEBUG org.hibernate.SQL.logStatement - select shops0_.products_id as products2_3_0_, shops0_.shops_id as shops_id1_3_0_, shop1_.id as id1_2_1_, shop1_.contact as contact2_2_1_, shop1_.location as location3_2_1_, shop1_.max_queue_size as max_queu4_2_1_, shop1_.name as name5_2_1_, shop1_.queue_size as queue_si6_2_1_ from shop_products shops0_ inner join shop shop1_ on shops0_.shops_id=shop1_.id where shops0_.products_id=?
27-10-2021 14:35:18.123 [task-3] [shop-service, ] TRACE o.h.type.descriptor.sql.BasicBinder.bind - binding parameter [1] as [BIGINT] - [2]
27-10-2021 14:38:17.333 [AsyncResolver-bootstrap-executor-0] [shop-service, ] INFO  c.n.d.s.r.aws.ConfigClusterResolver.getClusterEndpoints - Resolving eureka endpoints via configuration
27-10-2021 14:43:17.334 [AsyncResolver-bootstrap-executor-0] [shop-service, ] INFO  c.n.d.s.r.aws.ConfigClusterResolver.getClusterEndpoints - Resolving eureka endpoints via configuration
27-10-2021 14:48:17.335 [AsyncResolver-bootstrap-executor-0] [shop-service, ] INFO  c.n.d.s.r.aws.ConfigClusterResolver.getClusterEndpoints - Resolving eureka endpoints via configuration
27-10-2021 14:53:17.337 [AsyncResolver-bootstrap-executor-0] [shop-service, ] INFO  c.n.d.s.r.aws.ConfigClusterResolver.getClusterEndpoints - Resolving eureka endpoints via configuration
27-10-2021 14:58:17.338 [AsyncResolver-bootstrap-executor-0] [shop-service, ] INFO  c.n.d.s.r.aws.ConfigClusterResolver.getClusterEndpoints - Resolving eureka endpoints via configuration
27-10-2021 15:03:17.341 [AsyncResolver-bootstrap-executor-0] [shop-service, ] INFO  c.n.d.s.r.aws.ConfigClusterResolver.getClusterEndpoints - Resolving eureka endpoints via configuration
27-10-2021 15:08:17.342 [AsyncResolver-bootstrap-executor-0] [shop-service, ] INFO  c.n.d.s.r.aws.ConfigClusterResolver.getClusterEndpoints - Resolving eureka endpoints via configuration
27-10-2021 15:13:17.345 [AsyncResolver-bootstrap-executor-0] [shop-service, ] INFO  c.n.d.s.r.aws.ConfigClusterResolver.getClusterEndpoints - Resolving eureka endpoints via configuration
27-10-2021 15:14:35.571 [task-4] [shop-service, ] DEBUG org.hibernate.SQL.logStatement - select shop0_.id as id1_2_, shop0_.contact as contact2_2_, shop0_.location as location3_2_, shop0_.max_queue_size as max_queu4_2_, shop0_.name as name5_2_, shop0_.queue_size as queue_si6_2_ from shop shop0_ limit ?
27-10-2021 15:14:35.577 [task-4] [shop-service, ] DEBUG c.y.elide.core.utils.TimedFunction.get - Query Hash: 1112283533	Time spent: 7
27-10-2021 15:14:35.579 [task-4] [shop-service, ] DEBUG org.hibernate.SQL.logStatement - select products0_.shops_id as shops_id1_3_0_, products0_.products_id as products2_3_0_, product1_.id as id1_0_1_, product1_.name as name2_0_1_, product1_.price as price3_0_1_ from shop_products products0_ inner join product product1_ on products0_.products_id=product1_.id where products0_.shops_id=?
27-10-2021 15:14:35.580 [task-4] [shop-service, ] TRACE o.h.type.descriptor.sql.BasicBinder.bind - binding parameter [1] as [BIGINT] - [1]
27-10-2021 15:14:35.584 [task-4] [shop-service, ] DEBUG org.hibernate.SQL.logStatement - select products0_.shops_id as shops_id1_3_0_, products0_.products_id as products2_3_0_, product1_.id as id1_0_1_, product1_.name as name2_0_1_, product1_.price as price3_0_1_ from shop_products products0_ inner join product product1_ on products0_.products_id=product1_.id where products0_.shops_id=?
27-10-2021 15:14:35.584 [task-4] [shop-service, ] TRACE o.h.type.descriptor.sql.BasicBinder.bind - binding parameter [1] as [BIGINT] - [2]
27-10-2021 15:14:35.585 [task-4] [shop-service, ] DEBUG org.hibernate.SQL.logStatement - select products0_.shops_id as shops_id1_3_0_, products0_.products_id as products2_3_0_, product1_.id as id1_0_1_, product1_.name as name2_0_1_, product1_.price as price3_0_1_ from shop_products products0_ inner join product product1_ on products0_.products_id=product1_.id where products0_.shops_id=?
27-10-2021 15:14:35.586 [task-4] [shop-service, ] TRACE o.h.type.descriptor.sql.BasicBinder.bind - binding parameter [1] as [BIGINT] - [3]
27-10-2021 15:14:35.587 [task-4] [shop-service, ] DEBUG org.hibernate.SQL.logStatement - select products0_.shops_id as shops_id1_3_0_, products0_.products_id as products2_3_0_, product1_.id as id1_0_1_, product1_.name as name2_0_1_, product1_.price as price3_0_1_ from shop_products products0_ inner join product product1_ on products0_.products_id=product1_.id where products0_.shops_id=?
27-10-2021 15:14:35.588 [task-4] [shop-service, ] TRACE o.h.type.descriptor.sql.BasicBinder.bind - binding parameter [1] as [BIGINT] - [4]
27-10-2021 15:14:35.590 [task-4] [shop-service, ] DEBUG org.hibernate.SQL.logStatement - select queues0_.shop_id as shop_id3_1_0_, queues0_.id as id1_1_0_, queues0_.id as id1_1_1_, queues0_.max_number as max_numb2_1_1_, queues0_.shop_id as shop_id3_1_1_ from queue queues0_ where queues0_.shop_id=?
27-10-2021 15:14:35.590 [task-4] [shop-service, ] TRACE o.h.type.descriptor.sql.BasicBinder.bind - binding parameter [1] as [BIGINT] - [1]
27-10-2021 15:14:35.593 [task-4] [shop-service, ] DEBUG org.hibernate.SQL.logStatement - select queues0_.shop_id as shop_id3_1_0_, queues0_.id as id1_1_0_, queues0_.id as id1_1_1_, queues0_.max_number as max_numb2_1_1_, queues0_.shop_id as shop_id3_1_1_ from queue queues0_ where queues0_.shop_id=?
27-10-2021 15:14:35.593 [task-4] [shop-service, ] TRACE o.h.type.descriptor.sql.BasicBinder.bind - binding parameter [1] as [BIGINT] - [4]
27-10-2021 15:14:35.594 [task-4] [shop-service, ] DEBUG org.hibernate.SQL.logStatement - select queues0_.shop_id as shop_id3_1_0_, queues0_.id as id1_1_0_, queues0_.id as id1_1_1_, queues0_.max_number as max_numb2_1_1_, queues0_.shop_id as shop_id3_1_1_ from queue queues0_ where queues0_.shop_id=?
27-10-2021 15:14:35.595 [task-4] [shop-service, ] TRACE o.h.type.descriptor.sql.BasicBinder.bind - binding parameter [1] as [BIGINT] - [3]
27-10-2021 15:14:35.596 [task-4] [shop-service, ] DEBUG org.hibernate.SQL.logStatement - select queues0_.shop_id as shop_id3_1_0_, queues0_.id as id1_1_0_, queues0_.id as id1_1_1_, queues0_.max_number as max_numb2_1_1_, queues0_.shop_id as shop_id3_1_1_ from queue queues0_ where queues0_.shop_id=?
27-10-2021 15:14:35.596 [task-4] [shop-service, ] TRACE o.h.type.descriptor.sql.BasicBinder.bind - binding parameter [1] as [BIGINT] - [2]
27-10-2021 15:14:35.600 [task-4] [shop-service, ] DEBUG org.hibernate.SQL.logStatement - select shops0_.products_id as products2_3_0_, shops0_.shops_id as shops_id1_3_0_, shop1_.id as id1_2_1_, shop1_.contact as contact2_2_1_, shop1_.location as location3_2_1_, shop1_.max_queue_size as max_queu4_2_1_, shop1_.name as name5_2_1_, shop1_.queue_size as queue_si6_2_1_ from shop_products shops0_ inner join shop shop1_ on shops0_.shops_id=shop1_.id where shops0_.products_id=?
27-10-2021 15:14:35.601 [task-4] [shop-service, ] TRACE o.h.type.descriptor.sql.BasicBinder.bind - binding parameter [1] as [BIGINT] - [1]
27-10-2021 15:14:35.603 [task-4] [shop-service, ] DEBUG org.hibernate.SQL.logStatement - select shops0_.products_id as products2_3_0_, shops0_.shops_id as shops_id1_3_0_, shop1_.id as id1_2_1_, shop1_.contact as contact2_2_1_, shop1_.location as location3_2_1_, shop1_.max_queue_size as max_queu4_2_1_, shop1_.name as name5_2_1_, shop1_.queue_size as queue_si6_2_1_ from shop_products shops0_ inner join shop shop1_ on shops0_.shops_id=shop1_.id where shops0_.products_id=?
27-10-2021 15:14:35.603 [task-4] [shop-service, ] TRACE o.h.type.descriptor.sql.BasicBinder.bind - binding parameter [1] as [BIGINT] - [2]
27-10-2021 15:14:43.807 [task-5] [shop-service, ] DEBUG org.hibernate.SQL.logStatement - select product0_.id as id1_0_, product0_.name as name2_0_, product0_.price as price3_0_ from product product0_ limit ?
27-10-2021 15:14:43.808 [task-5] [shop-service, ] DEBUG c.y.elide.core.utils.TimedFunction.get - Query Hash: 586324511	Time spent: 2
27-10-2021 15:14:43.809 [task-5] [shop-service, ] DEBUG org.hibernate.SQL.logStatement - select shops0_.products_id as products2_3_0_, shops0_.shops_id as shops_id1_3_0_, shop1_.id as id1_2_1_, shop1_.contact as contact2_2_1_, shop1_.location as location3_2_1_, shop1_.max_queue_size as max_queu4_2_1_, shop1_.name as name5_2_1_, shop1_.queue_size as queue_si6_2_1_ from shop_products shops0_ inner join shop shop1_ on shops0_.shops_id=shop1_.id where shops0_.products_id=?
27-10-2021 15:14:43.810 [task-5] [shop-service, ] TRACE o.h.type.descriptor.sql.BasicBinder.bind - binding parameter [1] as [BIGINT] - [1]
27-10-2021 15:14:43.812 [task-5] [shop-service, ] DEBUG org.hibernate.SQL.logStatement - select products0_.shops_id as shops_id1_3_0_, products0_.products_id as products2_3_0_, product1_.id as id1_0_1_, product1_.name as name2_0_1_, product1_.price as price3_0_1_ from shop_products products0_ inner join product product1_ on products0_.products_id=product1_.id where products0_.shops_id=?
27-10-2021 15:14:43.812 [task-5] [shop-service, ] TRACE o.h.type.descriptor.sql.BasicBinder.bind - binding parameter [1] as [BIGINT] - [1]
27-10-2021 15:14:43.814 [task-5] [shop-service, ] DEBUG org.hibernate.SQL.logStatement - select shops0_.products_id as products2_3_0_, shops0_.shops_id as shops_id1_3_0_, shop1_.id as id1_2_1_, shop1_.contact as contact2_2_1_, shop1_.location as location3_2_1_, shop1_.max_queue_size as max_queu4_2_1_, shop1_.name as name5_2_1_, shop1_.queue_size as queue_si6_2_1_ from shop_products shops0_ inner join shop shop1_ on shops0_.shops_id=shop1_.id where shops0_.products_id=?
27-10-2021 15:14:43.815 [task-5] [shop-service, ] TRACE o.h.type.descriptor.sql.BasicBinder.bind - binding parameter [1] as [BIGINT] - [2]
27-10-2021 15:18:17.346 [AsyncResolver-bootstrap-executor-0] [shop-service, ] INFO  c.n.d.s.r.aws.ConfigClusterResolver.getClusterEndpoints - Resolving eureka endpoints via configuration
27-10-2021 15:23:17.348 [AsyncResolver-bootstrap-executor-0] [shop-service, ] INFO  c.n.d.s.r.aws.ConfigClusterResolver.getClusterEndpoints - Resolving eureka endpoints via configuration
27-10-2021 15:28:17.349 [AsyncResolver-bootstrap-executor-0] [shop-service, ] INFO  c.n.d.s.r.aws.ConfigClusterResolver.getClusterEndpoints - Resolving eureka endpoints via configuration
27-10-2021 15:33:17.353 [AsyncResolver-bootstrap-executor-0] [shop-service, ] INFO  c.n.d.s.r.aws.ConfigClusterResolver.getClusterEndpoints - Resolving eureka endpoints via configuration
27-10-2021 15:38:17.353 [AsyncResolver-bootstrap-executor-0] [shop-service, ] INFO  c.n.d.s.r.aws.ConfigClusterResolver.getClusterEndpoints - Resolving eureka endpoints via configuration
27-10-2021 15:43:17.356 [AsyncResolver-bootstrap-executor-0] [shop-service, ] INFO  c.n.d.s.r.aws.ConfigClusterResolver.getClusterEndpoints - Resolving eureka endpoints via configuration
27-10-2021 15:48:17.357 [AsyncResolver-bootstrap-executor-0] [shop-service, ] INFO  c.n.d.s.r.aws.ConfigClusterResolver.getClusterEndpoints - Resolving eureka endpoints via configuration
27-10-2021 15:53:17.358 [AsyncResolver-bootstrap-executor-0] [shop-service, ] INFO  c.n.d.s.r.aws.ConfigClusterResolver.getClusterEndpoints - Resolving eureka endpoints via configuration
27-10-2021 15:58:17.360 [AsyncResolver-bootstrap-executor-0] [shop-service, ] INFO  c.n.d.s.r.aws.ConfigClusterResolver.getClusterEndpoints - Resolving eureka endpoints via configuration
27-10-2021 16:03:17.364 [AsyncResolver-bootstrap-executor-0] [shop-service, ] INFO  c.n.d.s.r.aws.ConfigClusterResolver.getClusterEndpoints - Resolving eureka endpoints via configuration
27-10-2021 16:08:17.365 [AsyncResolver-bootstrap-executor-0] [shop-service, ] INFO  c.n.d.s.r.aws.ConfigClusterResolver.getClusterEndpoints - Resolving eureka endpoints via configuration
27-10-2021 16:13:17.367 [AsyncResolver-bootstrap-executor-0] [shop-service, ] INFO  c.n.d.s.r.aws.ConfigClusterResolver.getClusterEndpoints - Resolving eureka endpoints via configuration
27-10-2021 16:18:17.368 [AsyncResolver-bootstrap-executor-0] [shop-service, ] INFO  c.n.d.s.r.aws.ConfigClusterResolver.getClusterEndpoints - Resolving eureka endpoints via configuration
27-10-2021 16:23:17.370 [AsyncResolver-bootstrap-executor-0] [shop-service, ] INFO  c.n.d.s.r.aws.ConfigClusterResolver.getClusterEndpoints - Resolving eureka endpoints via configuration
27-10-2021 16:28:17.372 [AsyncResolver-bootstrap-executor-0] [shop-service, ] INFO  c.n.d.s.r.aws.ConfigClusterResolver.getClusterEndpoints - Resolving eureka endpoints via configuration
27-10-2021 16:33:17.377 [AsyncResolver-bootstrap-executor-0] [shop-service, ] INFO  c.n.d.s.r.aws.ConfigClusterResolver.getClusterEndpoints - Resolving eureka endpoints via configuration
27-10-2021 16:38:17.379 [AsyncResolver-bootstrap-executor-0] [shop-service, ] INFO  c.n.d.s.r.aws.ConfigClusterResolver.getClusterEndpoints - Resolving eureka endpoints via configuration
27-10-2021 16:43:17.380 [AsyncResolver-bootstrap-executor-0] [shop-service, ] INFO  c.n.d.s.r.aws.ConfigClusterResolver.getClusterEndpoints - Resolving eureka endpoints via configuration
27-10-2021 16:48:17.383 [AsyncResolver-bootstrap-executor-0] [shop-service, ] INFO  c.n.d.s.r.aws.ConfigClusterResolver.getClusterEndpoints - Resolving eureka endpoints via configuration
27-10-2021 16:53:17.389 [AsyncResolver-bootstrap-executor-0] [shop-service, ] INFO  c.n.d.s.r.aws.ConfigClusterResolver.getClusterEndpoints - Resolving eureka endpoints via configuration
27-10-2021 16:58:17.455 [AsyncResolver-bootstrap-executor-0] [shop-service, ] INFO  c.n.d.s.r.aws.ConfigClusterResolver.getClusterEndpoints - Resolving eureka endpoints via configuration
27-10-2021 17:03:17.460 [AsyncResolver-bootstrap-executor-0] [shop-service, ] INFO  c.n.d.s.r.aws.ConfigClusterResolver.getClusterEndpoints - Resolving eureka endpoints via configuration
27-10-2021 17:08:17.471 [AsyncResolver-bootstrap-executor-0] [shop-service, ] INFO  c.n.d.s.r.aws.ConfigClusterResolver.getClusterEndpoints - Resolving eureka endpoints via configuration
27-10-2021 17:13:17.478 [AsyncResolver-bootstrap-executor-0] [shop-service, ] INFO  c.n.d.s.r.aws.ConfigClusterResolver.getClusterEndpoints - Resolving eureka endpoints via configuration
27-10-2021 17:18:17.478 [AsyncResolver-bootstrap-executor-0] [shop-service, ] INFO  c.n.d.s.r.aws.ConfigClusterResolver.getClusterEndpoints - Resolving eureka endpoints via configuration
27-10-2021 17:23:17.481 [AsyncResolver-bootstrap-executor-0] [shop-service, ] INFO  c.n.d.s.r.aws.ConfigClusterResolver.getClusterEndpoints - Resolving eureka endpoints via configuration
27-10-2021 17:28:17.479 [AsyncResolver-bootstrap-executor-0] [shop-service, ] INFO  c.n.d.s.r.aws.ConfigClusterResolver.getClusterEndpoints - Resolving eureka endpoints via configuration
27-10-2021 17:33:17.484 [AsyncResolver-bootstrap-executor-0] [shop-service, ] INFO  c.n.d.s.r.aws.ConfigClusterResolver.getClusterEndpoints - Resolving eureka endpoints via configuration
27-10-2021 17:38:17.486 [AsyncResolver-bootstrap-executor-0] [shop-service, ] INFO  c.n.d.s.r.aws.ConfigClusterResolver.getClusterEndpoints - Resolving eureka endpoints via configuration
27-10-2021 17:43:17.498 [AsyncResolver-bootstrap-executor-0] [shop-service, ] INFO  c.n.d.s.r.aws.ConfigClusterResolver.getClusterEndpoints - Resolving eureka endpoints via configuration
27-10-2021 17:48:17.503 [AsyncResolver-bootstrap-executor-0] [shop-service, ] INFO  c.n.d.s.r.aws.ConfigClusterResolver.getClusterEndpoints - Resolving eureka endpoints via configuration
27-10-2021 17:53:17.504 [AsyncResolver-bootstrap-executor-0] [shop-service, ] INFO  c.n.d.s.r.aws.ConfigClusterResolver.getClusterEndpoints - Resolving eureka endpoints via configuration
27-10-2021 17:56:52.588 [SpringContextShutdownHook] [shop-service, ] INFO  o.s.c.n.e.s.EurekaServiceRegistry.deregister - Unregistering application SHOP-SERVICE with eureka with status DOWN
27-10-2021 17:56:52.590 [SpringContextShutdownHook] [shop-service, ] INFO  c.netflix.discovery.DiscoveryClient.notify - Saw local status change event StatusChangeEvent [timestamp=1635332212590, current=DOWN, previous=UP]
27-10-2021 17:56:52.598 [DiscoveryClient-InstanceInfoReplicator-0] [shop-service, ] INFO  c.netflix.discovery.DiscoveryClient.register - DiscoveryClient_SHOP-SERVICE/DTRANW10.mshome.net:shop-service:8080: registering service...
27-10-2021 17:56:52.874 [DiscoveryClient-InstanceInfoReplicator-0] [shop-service, ] INFO  c.netflix.discovery.DiscoveryClient.register - DiscoveryClient_SHOP-SERVICE/DTRANW10.mshome.net:shop-service:8080 - registration status: 204
27-10-2021 17:56:54.215 [SpringContextShutdownHook] [shop-service, ] INFO  o.s.s.c.ThreadPoolTaskExecutor.shutdown - Shutting down ExecutorService 'applicationTaskExecutor'
27-10-2021 17:56:54.232 [SpringContextShutdownHook] [shop-service, ] INFO  o.s.o.j.LocalContainerEntityManagerFactoryBean.destroy - Closing JPA EntityManagerFactory for persistence unit 'default'
27-10-2021 17:56:54.280 [SpringContextShutdownHook] [shop-service, ] INFO  com.zaxxer.hikari.HikariDataSource.close - HikariPool-2 - Shutdown initiated...
27-10-2021 17:56:54.285 [SpringContextShutdownHook] [shop-service, ] INFO  com.zaxxer.hikari.HikariDataSource.close - HikariPool-2 - Shutdown completed.
27-10-2021 17:56:54.286 [SpringContextShutdownHook] [shop-service, ] INFO  c.netflix.discovery.DiscoveryClient.shutdown - Shutting down DiscoveryClient ...
27-10-2021 17:56:57.290 [SpringContextShutdownHook] [shop-service, ] INFO  c.netflix.discovery.DiscoveryClient.unregister - Unregistering ...
