2021-10-17:10:52:34 +0700 0:0:0:0:0:0:0:1 - GET /shops/1 HTTP/1.1 404 120 132 -  
2021-10-17:10:52:38 +0700 0:0:0:0:0:0:0:1 - GET /shops/ HTTP/1.1 404 119 5 -  
2021-10-17:11:35:13 +0700 0:0:0:0:0:0:0:1 - GET /api/v1/shops/ HTTP/1.1 200 190 461 -  
2021-10-17:11:36:46 +0700 0:0:0:0:0:0:0:1 - GET /api/v1/shops/1 HTTP/1.1 200 188 69 -  
2021-10-17:11:49:51 +0700 0:0:0:0:0:0:0:1 - GET /doc HTTP/1.1 200 2 40 -  
2021-10-17:11:52:01 +0700 0:0:0:0:0:0:0:1 - GET /api/v1/shops/1 HTTP/1.1 200 216 462 -  
2021-10-17:11:52:07 +0700 0:0:0:0:0:0:0:1 - GET /api/v1/shops/ HTTP/1.1 200 218 52 -  
2021-10-17:11:52:11 +0700 0:0:0:0:0:0:0:1 - GET /api/v1/shops/ HTTP/1.1 200 218 15 -  
2021-10-17:11:52:13 +0700 0:0:0:0:0:0:0:1 - GET /api/v1/shops/1 HTTP/1.1 200 216 12 -  
2021-10-17:11:54:56 +0700 0:0:0:0:0:0:0:1 - GET /api/v1/products/1 HTTP/1.1 200 146 20 -  
2021-10-17:12:00:16 +0700 0:0:0:0:0:0:0:1 - GET /api/v1/shops/1?include=products HTTP/1.1 200 367 21 -  
2021-10-17:12:06:33 +0700 0:0:0:0:0:0:0:1 - GET /api/v1/group HTTP/1.1 404 50 20 -  
2021-10-17:12:06:37 +0700 0:0:0:0:0:0:0:1 - GET /api/v1/shops HTTP/1.1 200 218 16 -  
2021-10-17:12:06:41 +0700 0:0:0:0:0:0:0:1 - GET /api/v1/shops?include=products HTTP/1.1 200 369 16 -  
2021-10-17:12:06:47 +0700 0:0:0:0:0:0:0:1 - GET /api/v1/shops?include=products,abc HTTP/1.1 400 77 9 -  
2021-10-17:12:06:50 +0700 0:0:0:0:0:0:0:1 - GET /api/v1/shops?include=products HTTP/1.1 200 369 13 -  
2021-10-17:13:08:36 +0700 0:0:0:0:0:0:0:1 - GET /api/v1/shops/1?include=products HTTP/1.1 500 139 1020 -  
2021-10-17:13:10:07 +0700 0:0:0:0:0:0:0:1 - GET /api/v1/shops/1?include=products HTTP/1.1 500 139 1007 -  
2021-10-17:13:10:20 +0700 0:0:0:0:0:0:0:1 - GET /api/v1/shops/1?include=products HTTP/1.1 500 139 497 -  
2021-10-17:13:12:33 +0700 0:0:0:0:0:0:0:1 - GET /api/v1/shops/1?include=products HTTP/1.1 500 139 1192 -  
2021-10-17:13:12:38 +0700 0:0:0:0:0:0:0:1 - GET /api/v1/shops/ HTTP/1.1 500 138 521 -  
2021-10-17:13:13:32 +0700 0:0:0:0:0:0:0:1 - GET /api/v1/shops/ HTTP/1.1 500 138 1007 -  
2021-10-17:13:13:34 +0700 0:0:0:0:0:0:0:1 - GET /api/v1/shops/ HTTP/1.1 500 138 541 -  
2021-10-17:13:14:57 +0700 0:0:0:0:0:0:0:1 - GET /api/v1/shops/ HTTP/1.1 500 138 1004 -  
2021-10-17:13:18:09 +0700 0:0:0:0:0:0:0:1 - GET /api/v1/shops/ HTTP/1.1 500 138 887 -  
2021-10-17:13:21:00 +0700 0:0:0:0:0:0:0:1 - GET /api/v1/shops/ HTTP/1.1 500 138 1438 -  
2021-10-17:13:21:02 +0700 0:0:0:0:0:0:0:1 - GET /api/v1/shops/ HTTP/1.1 500 138 681 -  
2021-10-17:13:21:03 +0700 0:0:0:0:0:0:0:1 - GET /api/v1/shops/ HTTP/1.1 500 138 551 -  
2021-10-17:13:21:04 +0700 0:0:0:0:0:0:0:1 - GET /api/v1/shops/ HTTP/1.1 500 138 445 -  
2021-10-17:13:21:16 +0700 0:0:0:0:0:0:0:1 - GET /api/v1/shops/ HTTP/1.1 200 268 50 -  
2021-10-17:13:21:35 +0700 0:0:0:0:0:0:0:1 - GET /api/v1/shops/ HTTP/1.1 500 138 381 -  
2021-10-17:13:22:51 +0700 0:0:0:0:0:0:0:1 - GET /api/v1/shops/ HTTP/1.1 500 138 946 -  
2021-10-17:13:24:00 +0700 0:0:0:0:0:0:0:1 - GET /api/v1/shops/ HTTP/1.1 500 138 988 -  
2021-10-17:13:25:06 +0700 0:0:0:0:0:0:0:1 - GET /api/v1/shops/ HTTP/1.1 500 138 1271 -  
2021-10-17:13:28:09 +0700 0:0:0:0:0:0:0:1 - GET /api/v1/shops/ HTTP/1.1 200 294 558 -  
2021-10-17:13:28:21 +0700 0:0:0:0:0:0:0:1 - GET /api/v1/shops/1 HTTP/1.1 200 292 55 -  
2021-10-17:13:28:25 +0700 0:0:0:0:0:0:0:1 - GET /api/v1/shops/1?include=queue HTTP/1.1 400 79 19 -  
2021-10-17:13:28:28 +0700 0:0:0:0:0:0:0:1 - GET /api/v1/shops/1?include=queues HTTP/1.1 200 421 22 -  
2021-10-17:13:29:37 +0700 0:0:0:0:0:0:0:1 - GET /api/v1/shops/1?include=queues HTTP/1.1 200 564 14 -  
2021-10-17:13:32:30 +0700 0:0:0:0:0:0:0:1 - GET /api/v1/shops/1?include=queues,products HTTP/1.1 200 836 23 -  
2021-10-17:13:36:54 +0700 0:0:0:0:0:0:0:1 - GET /api/v1/shops/3 HTTP/1.1 200 250 17 -  
2021-10-17:13:37:15 +0700 0:0:0:0:0:0:0:1 - GET /api/v1/shops/3 HTTP/1.1 200 250 13 -  
2021-10-17:13:37:23 +0700 0:0:0:0:0:0:0:1 - GET /api/v1/shops/3 HTTP/1.1 200 246 12 -  
2021-10-17:13:37:35 +0700 0:0:0:0:0:0:0:1 - GET /api/v1/shops/3 HTTP/1.1 200 246 23 -  
2021-10-17:13:38:15 +0700 0:0:0:0:0:0:0:1 - GET null HTTP/1.1 400 435 10 -  
2021-10-17:13:38:21 +0700 0:0:0:0:0:0:0:1 - GET /api/v1/shops/3?include=products HTTP/1.1 200 246 11 -  
2021-10-17:13:38:32 +0700 0:0:0:0:0:0:0:1 - GET null HTTP/1.1 400 435 0 -  
2021-10-17:13:38:44 +0700 0:0:0:0:0:0:0:1 - GET null HTTP/1.1 400 435 1 -  
2021-10-17:13:38:58 +0700 0:0:0:0:0:0:0:1 - GET null HTTP/1.1 400 435 0 -  
2021-10-17:13:39:04 +0700 0:0:0:0:0:0:0:1 - GET null HTTP/1.1 400 435 1 -  
2021-10-17:13:39:30 +0700 0:0:0:0:0:0:0:1 - GET /api/v1/shops/3?include=products HTTP/1.1 200 246 12 -  
2021-10-17:13:39:34 +0700 0:0:0:0:0:0:0:1 - GET /api/v1/shops/3?include=products HTTP/1.1 200 246 13 -  
2021-10-17:13:39:46 +0700 0:0:0:0:0:0:0:1 - GET /api/v1/shops/1?include=products HTTP/1.1 200 604 15 -  
2021-10-17:13:39:54 +0700 0:0:0:0:0:0:0:1 - GET null HTTP/1.1 400 435 1 -  
2021-10-17:13:39:58 +0700 0:0:0:0:0:0:0:1 - GET null HTTP/1.1 400 435 0 -  
2021-10-17:13:40:00 +0700 0:0:0:0:0:0:0:1 - GET null HTTP/1.1 400 435 0 -  
2021-10-17:13:40:04 +0700 0:0:0:0:0:0:0:1 - GET null HTTP/1.1 400 435 1 -  
2021-10-17:13:40:08 +0700 0:0:0:0:0:0:0:1 - GET /api/v1/shops/1?include=products HTTP/1.1 200 604 16 -  
2021-10-17:13:40:27 +0700 0:0:0:0:0:0:0:1 - GET /api/v1/shops?include=products HTTP/1.1 200 1277 28 -  
2021-10-17:13:40:42 +0700 0:0:0:0:0:0:0:1 - GET null HTTP/1.1 400 435 1 -  
2021-10-17:13:40:51 +0700 0:0:0:0:0:0:0:1 - GET null HTTP/1.1 400 435 0 -  
2021-10-17:14:13:52 +0700 0:0:0:0:0:0:0:1 - GET /api/v1/shops?include=products HTTP/1.1 200 1277 40 -  
2021-10-17:14:59:18 +0700 127.0.0.1 - GET /api/v1/shops/ HTTP/1.1 200 992 569 -  
2021-10-17:14:59:34 +0700 127.0.0.1 - GET /api/v1/shops?include=products HTTP/1.1 200 1277 46 -  
